<?xml version="1.0" encoding="UTF-8"?>
<coverage generated="1652402215214" clover="3.2.0">
  <project timestamp="1652402215215" name="All files">
    <metrics statements="9" coveredstatements="9" conditionals="15" coveredconditionals="12" methods="2" coveredmethods="2" elements="26" coveredelements="23" complexity="0" loc="9" ncloc="9" packages="1" files="1" classes="1"/>
    <file name="getListType.tsx" path="E:\ws\ThaoXinhDep\GoogleDocsToHTML\src\Helper\getListType\getListType.tsx">
      <metrics statements="9" coveredstatements="9" conditionals="15" coveredconditionals="12" methods="2" coveredmethods="2"/>
      <line num="3" count="1" type="stmt"/>
      <line num="5" count="1" type="stmt"/>
      <line num="6" count="1" type="stmt"/>
      <line num="7" count="1" type="stmt"/>
      <line num="9" count="1" type="cond" truecount="3" falsecount="0"/>
      <line num="11" count="1" type="cond" truecount="3" falsecount="1"/>
      <line num="12" count="3" type="cond" truecount="3" falsecount="1"/>
      <line num="13" count="3" type="cond" truecount="3" falsecount="1"/>
      <line num="17" count="1" type="stmt"/>
    </file>
  </project>
</coverage>
