{"E:\\ws\\ThaoXinhDep\\GoogleDocsToHTML\\src\\Helper\\getListType\\getListType.tsx": {"path":"E:\\ws\\ThaoXinhDep\\GoogleDocsToHTML\\src\\Helper\\getListType\\getListType.tsx","statementMap":{"0":{"start":{"line":5,"column":16},"end":{"line":5,"column":25}},"1":{"start":{"line":6,"column":42},"end":{"line":6,"column":44}},"2":{"start":{"line":7,"column":44},"end":{"line":7,"column":46}},"3":{"start":{"line":9,"column":4},"end":{"line":15,"column":null}},"4":{"start":{"line":11,"column":9},"end":{"line":14,"column":null}},"5":{"start":{"line":12,"column":12},"end":{"line":12,"column":46}},"6":{"start":{"line":13,"column":12},"end":{"line":13,"column":50}},"7":{"start":{"line":17,"column":4},"end":{"line":17,"column":35}},"8":{"start":{"line":3,"column":0},"end":{"line":3,"column":16}}},"fnMap":{"0":{"name":"getListType","decl":{"start":{"line":3,"column":16},"end":{"line":3,"column":27}},"loc":{"start":{"line":3,"column":117},"end":{"line":18,"column":1}}},"1":{"name":"(anonymous_1)","decl":{"start":{"line":11,"column":31},"end":{"line":11,"column":41}},"loc":{"start":{"line":11,"column":46},"end":{"line":14,"column":9}}}},"branchMap":{"0":{"loc":{"start":{"line":9,"column":4},"end":{"line":15,"column":null}},"type":"if","locations":[{"start":{"line":9,"column":4},"end":{"line":15,"column":null}}]},"1":{"loc":{"start":{"line":9,"column":8},"end":{"line":9,"column":49}},"type":"binary-expr","locations":[{"start":{"line":9,"column":8},"end":{"line":9,"column":26}},{"start":{"line":9,"column":30},"end":{"line":9,"column":49}}]},"2":{"loc":{"start":{"line":11,"column":9},"end":{"line":14,"column":10}},"type":"cond-expr","locations":[{"start":{"line":11,"column":21},"end":{"line":11,"column":23}},{"start":{"line":11,"column":9},"end":{"line":14,"column":10}}]},"3":{"loc":{"start":{"line":11,"column":9},"end":{"line":11,"column":23}},"type":"binary-expr","locations":[{"start":{"line":11,"column":9},"end":{"line":11,"column":23}},{"start":{"line":11,"column":9},"end":{"line":11,"column":23}}]},"4":{"loc":{"start":{"line":12,"column":12},"end":{"line":12,"column":45}},"type":"cond-expr","locations":[{"start":{"line":12,"column":21},"end":{"line":12,"column":23}},{"start":{"line":12,"column":12},"end":{"line":12,"column":45}}]},"5":{"loc":{"start":{"line":12,"column":12},"end":{"line":12,"column":23}},"type":"binary-expr","locations":[{"start":{"line":12,"column":12},"end":{"line":12,"column":23}},{"start":{"line":12,"column":12},"end":{"line":12,"column":23}}]},"6":{"loc":{"start":{"line":13,"column":12},"end":{"line":13,"column":49}},"type":"cond-expr","locations":[{"start":{"line":13,"column":23},"end":{"line":13,"column":25}},{"start":{"line":13,"column":12},"end":{"line":13,"column":49}}]},"7":{"loc":{"start":{"line":13,"column":12},"end":{"line":13,"column":25}},"type":"binary-expr","locations":[{"start":{"line":13,"column":12},"end":{"line":13,"column":25}},{"start":{"line":13,"column":12},"end":{"line":13,"column":25}}]}},"s":{"0":1,"1":1,"2":1,"3":1,"4":1,"5":3,"6":3,"7":1,"8":1},"f":{"0":1,"1":3},"b":{"0":[1],"1":[1,1],"2":[0,1],"3":[1,1],"4":[0,3],"5":[3,3],"6":[0,3],"7":[3,3]}}
}
