{"E:\\ws\\ThaoXinhDep\\GoogleDocsToHTML\\src\\GoogleDocsToHTML\\List.tsx": {"path":"E:\\ws\\ThaoXinhDep\\GoogleDocsToHTML\\src\\GoogleDocsToHTML\\List.tsx","statementMap":{"0":{"start":{"line":3,"column":0},"end":{"line":3,"column":52}},"1":{"start":{"line":4,"column":0},"end":{"line":4,"column":50}},"2":{"start":{"line":7,"column":49},"end":{"line":7,"column":51}},"3":{"start":{"line":10,"column":22},"end":{"line":10,"column":39}},"4":{"start":{"line":14,"column":4},"end":{"line":14,"column":50}},"5":{"start":{"line":15,"column":4},"end":{"line":15,"column":37}},"6":{"start":{"line":17,"column":4},"end":{"line":23,"column":null}},"7":{"start":{"line":17,"column":17},"end":{"line":17,"column":27}},"8":{"start":{"line":18,"column":8},"end":{"line":18,"column":45}},"9":{"start":{"line":20,"column":8},"end":{"line":22,"column":null}},"10":{"start":{"line":21,"column":12},"end":{"line":21,"column":37}},"11":{"start":{"line":26,"column":17},"end":{"line":26,"column":45}},"12":{"start":{"line":27,"column":16},"end":{"line":27,"column":25}},"13":{"start":{"line":28,"column":67},"end":{"line":28,"column":69}},"14":{"start":{"line":29,"column":4},"end":{"line":31,"column":null}},"15":{"start":{"line":30,"column":8},"end":{"line":30,"column":68}},"16":{"start":{"line":35,"column":20},"end":{"line":35,"column":61}},"17":{"start":{"line":36,"column":4},"end":{"line":40,"column":null}},"18":{"start":{"line":37,"column":8},"end":{"line":37,"column":24}},"19":{"start":{"line":39,"column":8},"end":{"line":39,"column":24}},"20":{"start":{"line":42,"column":18},"end":{"line":42,"column":67}},"21":{"start":{"line":44,"column":4},"end":{"line":44,"column":43}},"22":{"start":{"line":6,"column":0},"end":{"line":6,"column":16}}},"fnMap":{"0":{"name":"List","decl":{"start":{"line":6,"column":16},"end":{"line":6,"column":20}},"loc":{"start":{"line":6,"column":69},"end":{"line":45,"column":1}}}},"branchMap":{"0":{"loc":{"start":{"line":10,"column":22},"end":{"line":10,"column":39}},"type":"cond-expr","locations":[{"start":{"line":10,"column":30},"end":{"line":10,"column":32}},{"start":{"line":10,"column":30},"end":{"line":10,"column":39}}]},"1":{"loc":{"start":{"line":10,"column":22},"end":{"line":10,"column":32}},"type":"binary-expr","locations":[{"start":{"line":10,"column":22},"end":{"line":10,"column":32}},{"start":{"line":10,"column":30},"end":{"line":10,"column":32}}]},"2":{"loc":{"start":{"line":15,"column":13},"end":{"line":15,"column":36}},"type":"cond-expr","locations":[{"start":{"line":15,"column":27},"end":{"line":15,"column":29}},{"start":{"line":15,"column":27},"end":{"line":15,"column":36}}]},"3":{"loc":{"start":{"line":15,"column":13},"end":{"line":15,"column":29}},"type":"binary-expr","locations":[{"start":{"line":15,"column":13},"end":{"line":15,"column":29}},{"start":{"line":15,"column":27},"end":{"line":15,"column":29}}]},"4":{"loc":{"start":{"line":17,"column":33},"end":{"line":17,"column":53}},"type":"cond-expr","locations":[{"start":{"line":17,"column":44},"end":{"line":17,"column":46}},{"start":{"line":17,"column":33},"end":{"line":17,"column":53}}]},"5":{"loc":{"start":{"line":17,"column":33},"end":{"line":17,"column":46}},"type":"binary-expr","locations":[{"start":{"line":17,"column":33},"end":{"line":17,"column":46}},{"start":{"line":17,"column":33},"end":{"line":17,"column":46}}]},"6":{"loc":{"start":{"line":20,"column":8},"end":{"line":22,"column":null}},"type":"if","locations":[{"start":{"line":20,"column":8},"end":{"line":22,"column":null}}]},"7":{"loc":{"start":{"line":20,"column":12},"end":{"line":20,"column":35}},"type":"cond-expr","locations":[{"start":{"line":20,"column":27},"end":{"line":20,"column":29}},{"start":{"line":20,"column":27},"end":{"line":20,"column":35}}]},"8":{"loc":{"start":{"line":20,"column":12},"end":{"line":20,"column":29}},"type":"binary-expr","locations":[{"start":{"line":20,"column":12},"end":{"line":20,"column":29}},{"start":{"line":20,"column":27},"end":{"line":20,"column":29}}]},"9":{"loc":{"start":{"line":20,"column":12},"end":{"line":20,"column":27}},"type":"cond-expr","locations":[{"start":{"line":20,"column":19},"end":{"line":20,"column":21}},{"start":{"line":20,"column":12},"end":{"line":20,"column":27}}]},"10":{"loc":{"start":{"line":20,"column":12},"end":{"line":20,"column":21}},"type":"binary-expr","locations":[{"start":{"line":20,"column":12},"end":{"line":20,"column":21}},{"start":{"line":20,"column":12},"end":{"line":20,"column":21}}]},"11":{"loc":{"start":{"line":26,"column":17},"end":{"line":26,"column":45}},"type":"cond-expr","locations":[{"start":{"line":26,"column":37},"end":{"line":26,"column":39}},{"start":{"line":26,"column":37},"end":{"line":26,"column":45}}]},"12":{"loc":{"start":{"line":26,"column":17},"end":{"line":26,"column":39}},"type":"binary-expr","locations":[{"start":{"line":26,"column":17},"end":{"line":26,"column":39}},{"start":{"line":26,"column":37},"end":{"line":26,"column":39}}]},"13":{"loc":{"start":{"line":29,"column":4},"end":{"line":31,"column":null}},"type":"if","locations":[{"start":{"line":29,"column":4},"end":{"line":31,"column":null}}]},"14":{"loc":{"start":{"line":29,"column":8},"end":{"line":29,"column":49}},"type":"binary-expr","locations":[{"start":{"line":29,"column":8},"end":{"line":29,"column":26}},{"start":{"line":29,"column":30},"end":{"line":29,"column":49}}]},"15":{"loc":{"start":{"line":30,"column":24},"end":{"line":30,"column":67}},"type":"cond-expr","locations":[{"start":{"line":30,"column":52},"end":{"line":30,"column":54}},{"start":{"line":30,"column":52},"end":{"line":30,"column":67}}]},"16":{"loc":{"start":{"line":30,"column":24},"end":{"line":30,"column":54}},"type":"binary-expr","locations":[{"start":{"line":30,"column":24},"end":{"line":30,"column":54}},{"start":{"line":30,"column":52},"end":{"line":30,"column":54}}]},"17":{"loc":{"start":{"line":36,"column":4},"end":{"line":40,"column":null}},"type":"if","locations":[{"start":{"line":36,"column":4},"end":{"line":40,"column":null}},{"start":{"line":38,"column":11},"end":{"line":40,"column":null}}]}},"s":{"0":4,"1":4,"2":1,"3":1,"4":1,"5":1,"6":1,"7":1,"8":3,"9":3,"10":2,"11":1,"12":1,"13":1,"14":1,"15":1,"16":1,"17":1,"18":0,"19":1,"20":1,"21":1,"22":4},"f":{"0":1},"b":{"0":[0,1],"1":[1,1],"2":[0,1],"3":[1,1],"4":[0,4],"5":[4,4],"6":[2],"7":[1,2],"8":[3,3],"9":[0,3],"10":[3,3],"11":[0,1],"12":[1,1],"13":[1],"14":[1,1],"15":[0,1],"16":[1,1],"17":[0,1]}}
,"E:\\ws\\ThaoXinhDep\\GoogleDocsToHTML\\src\\GoogleDocsToHTML\\Paragraph.tsx": {"path":"E:\\ws\\ThaoXinhDep\\GoogleDocsToHTML\\src\\GoogleDocsToHTML\\Paragraph.tsx","statementMap":{"0":{"start":{"line":1,"column":0},"end":{"line":1,"column":26}},"1":{"start":{"line":3,"column":0},"end":{"line":3,"column":44}},"2":{"start":{"line":4,"column":0},"end":{"line":4,"column":38}},"3":{"start":{"line":5,"column":0},"end":{"line":5,"column":35}},"4":{"start":{"line":13,"column":46},"end":{"line":40,"column":1}},"5":{"start":{"line":18,"column":4},"end":{"line":18,"column":17}},"6":{"start":{"line":19,"column":22},"end":{"line":19,"column":39}},"7":{"start":{"line":20,"column":4},"end":{"line":34,"column":null}},"8":{"start":{"line":21,"column":8},"end":{"line":33,"column":null}},"9":{"start":{"line":22,"column":12},"end":{"line":24,"column":null}},"10":{"start":{"line":25,"column":15},"end":{"line":33,"column":null}},"11":{"start":{"line":26,"column":12},"end":{"line":28,"column":null}},"12":{"start":{"line":29,"column":15},"end":{"line":33,"column":null}},"13":{"start":{"line":30,"column":12},"end":{"line":32,"column":null}},"14":{"start":{"line":35,"column":4},"end":{"line":39,"column":6}},"15":{"start":{"line":13,"column":13},"end":{"line":13,"column":46}}},"fnMap":{"0":{"name":"(anonymous_1)","decl":{"start":{"line":13,"column":46},"end":{"line":13,"column":47}},"loc":{"start":{"line":16,"column":5},"end":{"line":40,"column":1}}},"1":{"name":"(anonymous_2)","decl":{"start":{"line":20,"column":25},"end":{"line":20,"column":35}},"loc":{"start":{"line":20,"column":49},"end":{"line":34,"column":5}}}},"branchMap":{"0":{"loc":{"start":{"line":19,"column":22},"end":{"line":19,"column":39}},"type":"cond-expr","locations":[{"start":{"line":19,"column":29},"end":{"line":19,"column":31}},{"start":{"line":19,"column":22},"end":{"line":19,"column":39}}]},"1":{"loc":{"start":{"line":19,"column":22},"end":{"line":19,"column":31}},"type":"binary-expr","locations":[{"start":{"line":19,"column":22},"end":{"line":19,"column":31}},{"start":{"line":19,"column":22},"end":{"line":19,"column":31}}]},"2":{"loc":{"start":{"line":20,"column":4},"end":{"line":34,"column":6}},"type":"cond-expr","locations":[{"start":{"line":20,"column":15},"end":{"line":20,"column":17}},{"start":{"line":20,"column":4},"end":{"line":34,"column":6}}]},"3":{"loc":{"start":{"line":20,"column":4},"end":{"line":20,"column":17}},"type":"binary-expr","locations":[{"start":{"line":20,"column":4},"end":{"line":20,"column":17}},{"start":{"line":20,"column":4},"end":{"line":20,"column":17}}]},"4":{"loc":{"start":{"line":21,"column":8},"end":{"line":33,"column":null}},"type":"if","locations":[{"start":{"line":21,"column":8},"end":{"line":33,"column":null}},{"start":{"line":25,"column":15},"end":{"line":33,"column":null}}]},"5":{"loc":{"start":{"line":22,"column":12},"end":{"line":23,"column":null}},"type":"cond-expr","locations":[{"start":{"line":22,"column":19},"end":{"line":22,"column":21}},{"start":{"line":22,"column":12},"end":{"line":23,"column":null}}]},"6":{"loc":{"start":{"line":22,"column":12},"end":{"line":22,"column":21}},"type":"binary-expr","locations":[{"start":{"line":22,"column":12},"end":{"line":22,"column":21}},{"start":{"line":22,"column":12},"end":{"line":22,"column":21}}]},"7":{"loc":{"start":{"line":25,"column":15},"end":{"line":33,"column":null}},"type":"if","locations":[{"start":{"line":25,"column":15},"end":{"line":33,"column":null}},{"start":{"line":29,"column":15},"end":{"line":33,"column":null}}]},"8":{"loc":{"start":{"line":25,"column":19},"end":{"line":25,"column":51}},"type":"cond-expr","locations":[{"start":{"line":25,"column":45},"end":{"line":25,"column":47}},{"start":{"line":25,"column":45},"end":{"line":25,"column":51}}]},"9":{"loc":{"start":{"line":25,"column":19},"end":{"line":25,"column":47}},"type":"binary-expr","locations":[{"start":{"line":25,"column":19},"end":{"line":25,"column":47}},{"start":{"line":25,"column":45},"end":{"line":25,"column":47}}]},"10":{"loc":{"start":{"line":25,"column":19},"end":{"line":25,"column":45}},"type":"cond-expr","locations":[{"start":{"line":25,"column":34},"end":{"line":25,"column":36}},{"start":{"line":25,"column":34},"end":{"line":25,"column":45}}]},"11":{"loc":{"start":{"line":25,"column":19},"end":{"line":25,"column":36}},"type":"binary-expr","locations":[{"start":{"line":25,"column":19},"end":{"line":25,"column":36}},{"start":{"line":25,"column":34},"end":{"line":25,"column":36}}]},"12":{"loc":{"start":{"line":29,"column":15},"end":{"line":33,"column":null}},"type":"if","locations":[{"start":{"line":29,"column":15},"end":{"line":33,"column":null}}]},"13":{"loc":{"start":{"line":29,"column":19},"end":{"line":29,"column":108}},"type":"binary-expr","locations":[{"start":{"line":29,"column":19},"end":{"line":29,"column":59}},{"start":{"line":29,"column":63},"end":{"line":29,"column":108}}]},"14":{"loc":{"start":{"line":29,"column":63},"end":{"line":29,"column":95}},"type":"cond-expr","locations":[{"start":{"line":29,"column":89},"end":{"line":29,"column":91}},{"start":{"line":29,"column":89},"end":{"line":29,"column":95}}]},"15":{"loc":{"start":{"line":29,"column":63},"end":{"line":29,"column":91}},"type":"binary-expr","locations":[{"start":{"line":29,"column":63},"end":{"line":29,"column":91}},{"start":{"line":29,"column":89},"end":{"line":29,"column":91}}]},"16":{"loc":{"start":{"line":29,"column":63},"end":{"line":29,"column":89}},"type":"cond-expr","locations":[{"start":{"line":29,"column":78},"end":{"line":29,"column":80}},{"start":{"line":29,"column":78},"end":{"line":29,"column":89}}]},"17":{"loc":{"start":{"line":29,"column":63},"end":{"line":29,"column":80}},"type":"binary-expr","locations":[{"start":{"line":29,"column":63},"end":{"line":29,"column":80}},{"start":{"line":29,"column":78},"end":{"line":29,"column":80}}]},"18":{"loc":{"start":{"line":30,"column":12},"end":{"line":31,"column":null}},"type":"cond-expr","locations":[{"start":{"line":30,"column":19},"end":{"line":30,"column":21}},{"start":{"line":30,"column":12},"end":{"line":31,"column":null}}]},"19":{"loc":{"start":{"line":30,"column":12},"end":{"line":30,"column":21}},"type":"binary-expr","locations":[{"start":{"line":30,"column":12},"end":{"line":30,"column":21}},{"start":{"line":30,"column":12},"end":{"line":30,"column":21}}]}},"s":{"0":4,"1":4,"2":4,"3":4,"4":4,"5":10,"6":10,"7":10,"8":11,"9":0,"10":11,"11":0,"12":11,"13":11,"14":10,"15":4},"f":{"0":10,"1":11},"b":{"0":[0,10],"1":[10,10],"2":[0,10],"3":[10,10],"4":[0,11],"5":[0,0],"6":[0,0],"7":[0,11],"8":[0,11],"9":[11,11],"10":[0,11],"11":[11,11],"12":[11],"13":[11,11],"14":[0,11],"15":[11,11],"16":[0,11],"17":[11,11],"18":[0,11],"19":[11,11]}}
,"E:\\ws\\ThaoXinhDep\\GoogleDocsToHTML\\src\\GoogleDocsToHTML\\Table.tsx": {"path":"E:\\ws\\ThaoXinhDep\\GoogleDocsToHTML\\src\\GoogleDocsToHTML\\Table.tsx","statementMap":{"0":{"start":{"line":2,"column":0},"end":{"line":2,"column":45}},"1":{"start":{"line":3,"column":0},"end":{"line":3,"column":44}},"2":{"start":{"line":4,"column":0},"end":{"line":4,"column":48}},"3":{"start":{"line":12,"column":43},"end":{"line":119,"column":1}},"4":{"start":{"line":16,"column":21},"end":{"line":16,"column":36}},"5":{"start":{"line":17,"column":18},"end":{"line":17,"column":30}},"6":{"start":{"line":19,"column":4},"end":{"line":19,"column":40}},"7":{"start":{"line":22,"column":4},"end":{"line":22,"column":36}},"8":{"start":{"line":23,"column":4},"end":{"line":23,"column":36}},"9":{"start":{"line":24,"column":4},"end":{"line":28,"column":null}},"10":{"start":{"line":24,"column":17},"end":{"line":24,"column":18}},"11":{"start":{"line":25,"column":8},"end":{"line":25,"column":50}},"12":{"start":{"line":26,"column":8},"end":{"line":26,"column":46}},"13":{"start":{"line":27,"column":8},"end":{"line":27,"column":46}},"14":{"start":{"line":29,"column":12},"end":{"line":29,"column":13}},"15":{"start":{"line":29,"column":19},"end":{"line":29,"column":20}},"16":{"start":{"line":31,"column":4},"end":{"line":31,"column":17}},"17":{"start":{"line":33,"column":4},"end":{"line":33,"column":25}},"18":{"start":{"line":36,"column":4},"end":{"line":36,"column":21}},"19":{"start":{"line":40,"column":4},"end":{"line":66,"column":null}},"20":{"start":{"line":41,"column":8},"end":{"line":65,"column":null}},"21":{"start":{"line":42,"column":12},"end":{"line":63,"column":null}},"22":{"start":{"line":43,"column":16},"end":{"line":56,"column":null}},"23":{"start":{"line":44,"column":20},"end":{"line":55,"column":null}},"24":{"start":{"line":45,"column":24},"end":{"line":54,"column":null}},"25":{"start":{"line":47,"column":28},"end":{"line":47,"column":109}},"26":{"start":{"line":50,"column":28},"end":{"line":53,"column":null}},"27":{"start":{"line":51,"column":32},"end":{"line":51,"column":89}},"28":{"start":{"line":52,"column":32},"end":{"line":52,"column":85}},"29":{"start":{"line":59,"column":16},"end":{"line":61,"column":null}},"30":{"start":{"line":60,"column":20},"end":{"line":60,"column":106}},"31":{"start":{"line":62,"column":16},"end":{"line":62,"column":20}},"32":{"start":{"line":64,"column":12},"end":{"line":64,"column":16}},"33":{"start":{"line":69,"column":4},"end":{"line":71,"column":null}},"34":{"start":{"line":70,"column":8},"end":{"line":70,"column":60}},"35":{"start":{"line":74,"column":4},"end":{"line":76,"column":null}},"36":{"start":{"line":75,"column":8},"end":{"line":75,"column":66}},"37":{"start":{"line":79,"column":4},"end":{"line":81,"column":null}},"38":{"start":{"line":80,"column":8},"end":{"line":80,"column":62}},"39":{"start":{"line":84,"column":4},"end":{"line":86,"column":null}},"40":{"start":{"line":85,"column":8},"end":{"line":85,"column":64}},"41":{"start":{"line":89,"column":4},"end":{"line":89,"column":44}},"42":{"start":{"line":92,"column":12},"end":{"line":92,"column":13}},"43":{"start":{"line":92,"column":19},"end":{"line":92,"column":20}},"44":{"start":{"line":93,"column":4},"end":{"line":110,"column":null}},"45":{"start":{"line":94,"column":8},"end":{"line":102,"column":null}},"46":{"start":{"line":95,"column":12},"end":{"line":100,"column":14}},"47":{"start":{"line":101,"column":12},"end":{"line":101,"column":16}},"48":{"start":{"line":103,"column":8},"end":{"line":107,"column":10}},"49":{"start":{"line":108,"column":8},"end":{"line":108,"column":12}},"50":{"start":{"line":109,"column":8},"end":{"line":109,"column":29}},"51":{"start":{"line":114,"column":4},"end":{"line":118,"column":null}},"52":{"start":{"line":12,"column":13},"end":{"line":12,"column":43}}},"fnMap":{"0":{"name":"(anonymous_1)","decl":{"start":{"line":12,"column":43},"end":{"line":12,"column":44}},"loc":{"start":{"line":15,"column":5},"end":{"line":119,"column":1}}},"1":{"name":"(anonymous_2)","decl":{"start":{"line":41,"column":32},"end":{"line":41,"column":42}},"loc":{"start":{"line":41,"column":51},"end":{"line":65,"column":9}}},"2":{"name":"(anonymous_3)","decl":{"start":{"line":42,"column":42},"end":{"line":42,"column":52}},"loc":{"start":{"line":42,"column":62},"end":{"line":63,"column":13}}},"3":{"name":"(anonymous_4)","decl":{"start":{"line":43,"column":44},"end":{"line":43,"column":54}},"loc":{"start":{"line":43,"column":71},"end":{"line":56,"column":17}}},"4":{"name":"(anonymous_5)","decl":{"start":{"line":44,"column":67},"end":{"line":44,"column":77}},"loc":{"start":{"line":44,"column":87},"end":{"line":55,"column":21}}},"5":{"name":"(anonymous_6)","decl":{"start":{"line":93,"column":27},"end":{"line":93,"column":37}},"loc":{"start":{"line":93,"column":40},"end":{"line":110,"column":5}}},"6":{"name":"(anonymous_7)","decl":{"start":{"line":94,"column":20},"end":{"line":94,"column":30}},"loc":{"start":{"line":94,"column":36},"end":{"line":102,"column":9}}}},"branchMap":{"0":{"loc":{"start":{"line":16,"column":21},"end":{"line":16,"column":36}},"type":"cond-expr","locations":[{"start":{"line":16,"column":26},"end":{"line":16,"column":28}},{"start":{"line":16,"column":21},"end":{"line":16,"column":36}}]},"1":{"loc":{"start":{"line":16,"column":21},"end":{"line":16,"column":28}},"type":"binary-expr","locations":[{"start":{"line":16,"column":21},"end":{"line":16,"column":28}},{"start":{"line":16,"column":21},"end":{"line":16,"column":28}}]},"2":{"loc":{"start":{"line":17,"column":18},"end":{"line":17,"column":30}},"type":"cond-expr","locations":[{"start":{"line":17,"column":23},"end":{"line":17,"column":25}},{"start":{"line":17,"column":18},"end":{"line":17,"column":30}}]},"3":{"loc":{"start":{"line":17,"column":18},"end":{"line":17,"column":25}},"type":"binary-expr","locations":[{"start":{"line":17,"column":18},"end":{"line":17,"column":25}},{"start":{"line":17,"column":18},"end":{"line":17,"column":25}}]},"4":{"loc":{"start":{"line":40,"column":4},"end":{"line":66,"column":null}},"type":"if","locations":[{"start":{"line":40,"column":4},"end":{"line":66,"column":null}}]},"5":{"loc":{"start":{"line":40,"column":8},"end":{"line":40,"column":88}},"type":"binary-expr","locations":[{"start":{"line":40,"column":8},"end":{"line":40,"column":31}},{"start":{"line":40,"column":35},"end":{"line":40,"column":55}},{"start":{"line":40,"column":59},"end":{"line":40,"column":88}}]},"6":{"loc":{"start":{"line":40,"column":59},"end":{"line":40,"column":75}},"type":"cond-expr","locations":[{"start":{"line":40,"column":64},"end":{"line":40,"column":66}},{"start":{"line":40,"column":59},"end":{"line":40,"column":75}}]},"7":{"loc":{"start":{"line":40,"column":59},"end":{"line":40,"column":66}},"type":"binary-expr","locations":[{"start":{"line":40,"column":59},"end":{"line":40,"column":66}},{"start":{"line":40,"column":59},"end":{"line":40,"column":66}}]},"8":{"loc":{"start":{"line":42,"column":12},"end":{"line":63,"column":14}},"type":"cond-expr","locations":[{"start":{"line":42,"column":32},"end":{"line":42,"column":34}},{"start":{"line":42,"column":32},"end":{"line":63,"column":14}}]},"9":{"loc":{"start":{"line":42,"column":12},"end":{"line":42,"column":34}},"type":"binary-expr","locations":[{"start":{"line":42,"column":12},"end":{"line":42,"column":34}},{"start":{"line":42,"column":32},"end":{"line":42,"column":34}}]},"10":{"loc":{"start":{"line":43,"column":16},"end":{"line":56,"column":18}},"type":"cond-expr","locations":[{"start":{"line":43,"column":34},"end":{"line":43,"column":36}},{"start":{"line":43,"column":34},"end":{"line":56,"column":18}}]},"11":{"loc":{"start":{"line":43,"column":16},"end":{"line":43,"column":36}},"type":"binary-expr","locations":[{"start":{"line":43,"column":16},"end":{"line":43,"column":36}},{"start":{"line":43,"column":34},"end":{"line":43,"column":36}}]},"12":{"loc":{"start":{"line":44,"column":20},"end":{"line":55,"column":22}},"type":"cond-expr","locations":[{"start":{"line":44,"column":57},"end":{"line":44,"column":59}},{"start":{"line":44,"column":57},"end":{"line":55,"column":22}}]},"13":{"loc":{"start":{"line":44,"column":20},"end":{"line":44,"column":59}},"type":"binary-expr","locations":[{"start":{"line":44,"column":20},"end":{"line":44,"column":59}},{"start":{"line":44,"column":57},"end":{"line":44,"column":59}}]},"14":{"loc":{"start":{"line":44,"column":20},"end":{"line":44,"column":57}},"type":"cond-expr","locations":[{"start":{"line":44,"column":47},"end":{"line":44,"column":49}},{"start":{"line":44,"column":47},"end":{"line":44,"column":57}}]},"15":{"loc":{"start":{"line":44,"column":20},"end":{"line":44,"column":49}},"type":"binary-expr","locations":[{"start":{"line":44,"column":20},"end":{"line":44,"column":49}},{"start":{"line":44,"column":47},"end":{"line":44,"column":49}}]},"16":{"loc":{"start":{"line":45,"column":24},"end":{"line":54,"column":null}},"type":"if","locations":[{"start":{"line":45,"column":24},"end":{"line":54,"column":null}}]},"17":{"loc":{"start":{"line":45,"column":28},"end":{"line":45,"column":55}},"type":"cond-expr","locations":[{"start":{"line":45,"column":46},"end":{"line":45,"column":48}},{"start":{"line":45,"column":46},"end":{"line":45,"column":55}}]},"18":{"loc":{"start":{"line":45,"column":28},"end":{"line":45,"column":48}},"type":"binary-expr","locations":[{"start":{"line":45,"column":28},"end":{"line":45,"column":48}},{"start":{"line":45,"column":46},"end":{"line":45,"column":48}}]},"19":{"loc":{"start":{"line":50,"column":28},"end":{"line":53,"column":null}},"type":"if","locations":[{"start":{"line":50,"column":28},"end":{"line":53,"column":null}}]},"20":{"loc":{"start":{"line":50,"column":32},"end":{"line":50,"column":132}},"type":"binary-expr","locations":[{"start":{"line":50,"column":32},"end":{"line":50,"column":82}},{"start":{"line":50,"column":86},"end":{"line":50,"column":132}}]},"21":{"loc":{"start":{"line":50,"column":32},"end":{"line":50,"column":69}},"type":"cond-expr","locations":[{"start":{"line":50,"column":57},"end":{"line":50,"column":59}},{"start":{"line":50,"column":57},"end":{"line":50,"column":69}}]},"22":{"loc":{"start":{"line":50,"column":32},"end":{"line":50,"column":59}},"type":"binary-expr","locations":[{"start":{"line":50,"column":32},"end":{"line":50,"column":59}},{"start":{"line":50,"column":57},"end":{"line":50,"column":59}}]},"23":{"loc":{"start":{"line":51,"column":51},"end":{"line":51,"column":88}},"type":"cond-expr","locations":[{"start":{"line":51,"column":76},"end":{"line":51,"column":78}},{"start":{"line":51,"column":76},"end":{"line":51,"column":88}}]},"24":{"loc":{"start":{"line":51,"column":51},"end":{"line":51,"column":78}},"type":"binary-expr","locations":[{"start":{"line":51,"column":51},"end":{"line":51,"column":78}},{"start":{"line":51,"column":76},"end":{"line":51,"column":78}}]},"25":{"loc":{"start":{"line":59,"column":16},"end":{"line":61,"column":null}},"type":"if","locations":[{"start":{"line":59,"column":16},"end":{"line":61,"column":null}}]},"26":{"loc":{"start":{"line":59,"column":20},"end":{"line":59,"column":47}},"type":"cond-expr","locations":[{"start":{"line":59,"column":39},"end":{"line":59,"column":41}},{"start":{"line":59,"column":39},"end":{"line":59,"column":47}}]},"27":{"loc":{"start":{"line":59,"column":20},"end":{"line":59,"column":41}},"type":"binary-expr","locations":[{"start":{"line":59,"column":20},"end":{"line":59,"column":41}},{"start":{"line":59,"column":39},"end":{"line":59,"column":41}}]},"28":{"loc":{"start":{"line":59,"column":20},"end":{"line":59,"column":39}},"type":"cond-expr","locations":[{"start":{"line":59,"column":30},"end":{"line":59,"column":32}},{"start":{"line":59,"column":20},"end":{"line":59,"column":39}}]},"29":{"loc":{"start":{"line":59,"column":20},"end":{"line":59,"column":32}},"type":"binary-expr","locations":[{"start":{"line":59,"column":20},"end":{"line":59,"column":32}},{"start":{"line":59,"column":20},"end":{"line":59,"column":32}}]},"30":{"loc":{"start":{"line":60,"column":28},"end":{"line":60,"column":105}},"type":"cond-expr","locations":[{"start":{"line":60,"column":89},"end":{"line":60,"column":91}},{"start":{"line":60,"column":89},"end":{"line":60,"column":105}}]},"31":{"loc":{"start":{"line":60,"column":28},"end":{"line":60,"column":91}},"type":"binary-expr","locations":[{"start":{"line":60,"column":28},"end":{"line":60,"column":91}},{"start":{"line":60,"column":89},"end":{"line":60,"column":91}}]},"32":{"loc":{"start":{"line":60,"column":28},"end":{"line":60,"column":89}},"type":"cond-expr","locations":[{"start":{"line":60,"column":78},"end":{"line":60,"column":80}},{"start":{"line":60,"column":78},"end":{"line":60,"column":89}}]},"33":{"loc":{"start":{"line":60,"column":28},"end":{"line":60,"column":80}},"type":"binary-expr","locations":[{"start":{"line":60,"column":28},"end":{"line":60,"column":80}},{"start":{"line":60,"column":78},"end":{"line":60,"column":80}}]},"34":{"loc":{"start":{"line":60,"column":28},"end":{"line":60,"column":78}},"type":"cond-expr","locations":[{"start":{"line":60,"column":38},"end":{"line":60,"column":40}},{"start":{"line":60,"column":28},"end":{"line":60,"column":78}}]},"35":{"loc":{"start":{"line":60,"column":28},"end":{"line":60,"column":40}},"type":"binary-expr","locations":[{"start":{"line":60,"column":28},"end":{"line":60,"column":40}},{"start":{"line":60,"column":28},"end":{"line":60,"column":40}}]},"36":{"loc":{"start":{"line":69,"column":4},"end":{"line":71,"column":null}},"type":"if","locations":[{"start":{"line":69,"column":4},"end":{"line":71,"column":null}}]},"37":{"loc":{"start":{"line":69,"column":8},"end":{"line":69,"column":24}},"type":"cond-expr","locations":[{"start":{"line":69,"column":13},"end":{"line":69,"column":15}},{"start":{"line":69,"column":8},"end":{"line":69,"column":24}}]},"38":{"loc":{"start":{"line":69,"column":8},"end":{"line":69,"column":15}},"type":"binary-expr","locations":[{"start":{"line":69,"column":8},"end":{"line":69,"column":15}},{"start":{"line":69,"column":8},"end":{"line":69,"column":15}}]},"39":{"loc":{"start":{"line":70,"column":42},"end":{"line":70,"column":58}},"type":"cond-expr","locations":[{"start":{"line":70,"column":47},"end":{"line":70,"column":49}},{"start":{"line":70,"column":42},"end":{"line":70,"column":58}}]},"40":{"loc":{"start":{"line":70,"column":42},"end":{"line":70,"column":49}},"type":"binary-expr","locations":[{"start":{"line":70,"column":42},"end":{"line":70,"column":49}},{"start":{"line":70,"column":42},"end":{"line":70,"column":49}}]},"41":{"loc":{"start":{"line":74,"column":4},"end":{"line":76,"column":null}},"type":"if","locations":[{"start":{"line":74,"column":4},"end":{"line":76,"column":null}}]},"42":{"loc":{"start":{"line":74,"column":8},"end":{"line":74,"column":27}},"type":"cond-expr","locations":[{"start":{"line":74,"column":13},"end":{"line":74,"column":15}},{"start":{"line":74,"column":8},"end":{"line":74,"column":27}}]},"43":{"loc":{"start":{"line":74,"column":8},"end":{"line":74,"column":15}},"type":"binary-expr","locations":[{"start":{"line":74,"column":8},"end":{"line":74,"column":15}},{"start":{"line":74,"column":8},"end":{"line":74,"column":15}}]},"44":{"loc":{"start":{"line":75,"column":45},"end":{"line":75,"column":64}},"type":"cond-expr","locations":[{"start":{"line":75,"column":50},"end":{"line":75,"column":52}},{"start":{"line":75,"column":45},"end":{"line":75,"column":64}}]},"45":{"loc":{"start":{"line":75,"column":45},"end":{"line":75,"column":52}},"type":"binary-expr","locations":[{"start":{"line":75,"column":45},"end":{"line":75,"column":52}},{"start":{"line":75,"column":45},"end":{"line":75,"column":52}}]},"46":{"loc":{"start":{"line":79,"column":4},"end":{"line":81,"column":null}},"type":"if","locations":[{"start":{"line":79,"column":4},"end":{"line":81,"column":null}}]},"47":{"loc":{"start":{"line":79,"column":8},"end":{"line":79,"column":25}},"type":"cond-expr","locations":[{"start":{"line":79,"column":13},"end":{"line":79,"column":15}},{"start":{"line":79,"column":8},"end":{"line":79,"column":25}}]},"48":{"loc":{"start":{"line":79,"column":8},"end":{"line":79,"column":15}},"type":"binary-expr","locations":[{"start":{"line":79,"column":8},"end":{"line":79,"column":15}},{"start":{"line":79,"column":8},"end":{"line":79,"column":15}}]},"49":{"loc":{"start":{"line":80,"column":43},"end":{"line":80,"column":60}},"type":"cond-expr","locations":[{"start":{"line":80,"column":48},"end":{"line":80,"column":50}},{"start":{"line":80,"column":43},"end":{"line":80,"column":60}}]},"50":{"loc":{"start":{"line":80,"column":43},"end":{"line":80,"column":50}},"type":"binary-expr","locations":[{"start":{"line":80,"column":43},"end":{"line":80,"column":50}},{"start":{"line":80,"column":43},"end":{"line":80,"column":50}}]},"51":{"loc":{"start":{"line":84,"column":4},"end":{"line":86,"column":null}},"type":"if","locations":[{"start":{"line":84,"column":4},"end":{"line":86,"column":null}}]},"52":{"loc":{"start":{"line":84,"column":8},"end":{"line":84,"column":26}},"type":"cond-expr","locations":[{"start":{"line":84,"column":13},"end":{"line":84,"column":15}},{"start":{"line":84,"column":8},"end":{"line":84,"column":26}}]},"53":{"loc":{"start":{"line":84,"column":8},"end":{"line":84,"column":15}},"type":"binary-expr","locations":[{"start":{"line":84,"column":8},"end":{"line":84,"column":15}},{"start":{"line":84,"column":8},"end":{"line":84,"column":15}}]},"54":{"loc":{"start":{"line":85,"column":44},"end":{"line":85,"column":62}},"type":"cond-expr","locations":[{"start":{"line":85,"column":49},"end":{"line":85,"column":51}},{"start":{"line":85,"column":44},"end":{"line":85,"column":62}}]},"55":{"loc":{"start":{"line":85,"column":44},"end":{"line":85,"column":51}},"type":"binary-expr","locations":[{"start":{"line":85,"column":44},"end":{"line":85,"column":51}},{"start":{"line":85,"column":44},"end":{"line":85,"column":51}}]}},"s":{"0":4,"1":4,"2":4,"3":4,"4":1,"5":1,"6":1,"7":1,"8":1,"9":1,"10":1,"11":2,"12":2,"13":2,"14":1,"15":1,"16":1,"17":1,"18":1,"19":1,"20":1,"21":2,"22":4,"23":4,"24":4,"25":4,"26":4,"27":4,"28":4,"29":4,"30":4,"31":4,"32":2,"33":1,"34":0,"35":1,"36":0,"37":1,"38":0,"39":1,"40":0,"41":1,"42":1,"43":1,"44":1,"45":2,"46":4,"47":4,"48":2,"49":2,"50":2,"51":1,"52":4},"f":{"0":1,"1":2,"2":4,"3":4,"4":4,"5":2,"6":4},"b":{"0":[0,1],"1":[1,1],"2":[0,1],"3":[1,1],"4":[1],"5":[1,1,1],"6":[0,1],"7":[1,1],"8":[0,2],"9":[2,2],"10":[0,4],"11":[4,4],"12":[0,4],"13":[4,4],"14":[0,4],"15":[4,4],"16":[4],"17":[0,4],"18":[4,4],"19":[4],"20":[4,4],"21":[0,4],"22":[4,4],"23":[0,4],"24":[4,4],"25":[4],"26":[0,4],"27":[4,4],"28":[0,4],"29":[4,4],"30":[0,4],"31":[4,4],"32":[0,4],"33":[4,4],"34":[0,4],"35":[4,4],"36":[0],"37":[0,1],"38":[1,1],"39":[0,0],"40":[0,0],"41":[0],"42":[0,1],"43":[1,1],"44":[0,0],"45":[0,0],"46":[0],"47":[0,1],"48":[1,1],"49":[0,0],"50":[0,0],"51":[0],"52":[0,1],"53":[1,1],"54":[0,0],"55":[0,0]}}
,"E:\\ws\\ThaoXinhDep\\GoogleDocsToHTML\\src\\GoogleDocsToHTML\\Content\\Content.tsx": {"path":"E:\\ws\\ThaoXinhDep\\GoogleDocsToHTML\\src\\GoogleDocsToHTML\\Content\\Content.tsx","statementMap":{"0":{"start":{"line":2,"column":0},"end":{"line":2,"column":26}},"1":{"start":{"line":3,"column":0},"end":{"line":3,"column":45}},"2":{"start":{"line":4,"column":0},"end":{"line":4,"column":31}},"3":{"start":{"line":5,"column":0},"end":{"line":5,"column":41}},"4":{"start":{"line":6,"column":0},"end":{"line":6,"column":33}},"5":{"start":{"line":13,"column":47},"end":{"line":54,"column":1}},"6":{"start":{"line":18,"column":4},"end":{"line":18,"column":17}},"7":{"start":{"line":19,"column":4},"end":{"line":47,"column":null}},"8":{"start":{"line":19,"column":17},"end":{"line":19,"column":18}},"9":{"start":{"line":20,"column":19},"end":{"line":20,"column":37}},"10":{"start":{"line":23,"column":8},"end":{"line":27,"column":null}},"11":{"start":{"line":24,"column":12},"end":{"line":26,"column":null}},"12":{"start":{"line":30,"column":8},"end":{"line":32,"column":null}},"13":{"start":{"line":31,"column":12},"end":{"line":31,"column":null}},"14":{"start":{"line":35,"column":8},"end":{"line":37,"column":null}},"15":{"start":{"line":36,"column":12},"end":{"line":36,"column":null}},"16":{"start":{"line":40,"column":8},"end":{"line":45,"column":null}},"17":{"start":{"line":42,"column":23},"end":{"line":42,"column":35}},"18":{"start":{"line":43,"column":12},"end":{"line":43,"column":34}},"19":{"start":{"line":44,"column":12},"end":{"line":44,"column":32}},"20":{"start":{"line":49,"column":4},"end":{"line":53,"column":null}},"21":{"start":{"line":13,"column":13},"end":{"line":13,"column":47}}},"fnMap":{"0":{"name":"(anonymous_1)","decl":{"start":{"line":13,"column":47},"end":{"line":13,"column":48}},"loc":{"start":{"line":16,"column":5},"end":{"line":54,"column":1}}}},"branchMap":{"0":{"loc":{"start":{"line":19,"column":24},"end":{"line":19,"column":37}},"type":"cond-expr","locations":[{"start":{"line":19,"column":28},"end":{"line":19,"column":30}},{"start":{"line":19,"column":24},"end":{"line":19,"column":37}}]},"1":{"loc":{"start":{"line":19,"column":24},"end":{"line":19,"column":30}},"type":"binary-expr","locations":[{"start":{"line":19,"column":24},"end":{"line":19,"column":30}},{"start":{"line":19,"column":24},"end":{"line":19,"column":30}}]},"2":{"loc":{"start":{"line":23,"column":8},"end":{"line":27,"column":null}},"type":"if","locations":[{"start":{"line":23,"column":8},"end":{"line":27,"column":null}}]},"3":{"loc":{"start":{"line":23,"column":12},"end":{"line":23,"column":68}},"type":"cond-expr","locations":[{"start":{"line":23,"column":48},"end":{"line":23,"column":50}},{"start":{"line":23,"column":48},"end":{"line":23,"column":68}}]},"4":{"loc":{"start":{"line":23,"column":12},"end":{"line":23,"column":50}},"type":"binary-expr","locations":[{"start":{"line":23,"column":12},"end":{"line":23,"column":50}},{"start":{"line":23,"column":48},"end":{"line":23,"column":50}}]},"5":{"loc":{"start":{"line":23,"column":12},"end":{"line":23,"column":48}},"type":"cond-expr","locations":[{"start":{"line":23,"column":32},"end":{"line":23,"column":34}},{"start":{"line":23,"column":32},"end":{"line":23,"column":48}}]},"6":{"loc":{"start":{"line":23,"column":12},"end":{"line":23,"column":34}},"type":"binary-expr","locations":[{"start":{"line":23,"column":12},"end":{"line":23,"column":34}},{"start":{"line":23,"column":32},"end":{"line":23,"column":34}}]},"7":{"loc":{"start":{"line":23,"column":12},"end":{"line":23,"column":32}},"type":"cond-expr","locations":[{"start":{"line":23,"column":16},"end":{"line":23,"column":18}},{"start":{"line":23,"column":12},"end":{"line":23,"column":32}}]},"8":{"loc":{"start":{"line":23,"column":12},"end":{"line":23,"column":18}},"type":"binary-expr","locations":[{"start":{"line":23,"column":12},"end":{"line":23,"column":18}},{"start":{"line":23,"column":12},"end":{"line":23,"column":18}}]},"9":{"loc":{"start":{"line":24,"column":12},"end":{"line":25,"column":null}},"type":"cond-expr","locations":[{"start":{"line":24,"column":19},"end":{"line":24,"column":21}},{"start":{"line":24,"column":12},"end":{"line":25,"column":null}}]},"10":{"loc":{"start":{"line":24,"column":12},"end":{"line":24,"column":21}},"type":"binary-expr","locations":[{"start":{"line":24,"column":12},"end":{"line":24,"column":21}},{"start":{"line":24,"column":12},"end":{"line":24,"column":21}}]},"11":{"loc":{"start":{"line":30,"column":8},"end":{"line":32,"column":null}},"type":"if","locations":[{"start":{"line":30,"column":8},"end":{"line":32,"column":null}}]},"12":{"loc":{"start":{"line":30,"column":12},"end":{"line":30,"column":133}},"type":"binary-expr","locations":[{"start":{"line":30,"column":12},"end":{"line":30,"column":74}},{"start":{"line":30,"column":78},"end":{"line":30,"column":105}},{"start":{"line":30,"column":109},"end":{"line":30,"column":133}}]},"13":{"loc":{"start":{"line":30,"column":12},"end":{"line":30,"column":68}},"type":"cond-expr","locations":[{"start":{"line":30,"column":48},"end":{"line":30,"column":50}},{"start":{"line":30,"column":48},"end":{"line":30,"column":68}}]},"14":{"loc":{"start":{"line":30,"column":12},"end":{"line":30,"column":50}},"type":"binary-expr","locations":[{"start":{"line":30,"column":12},"end":{"line":30,"column":50}},{"start":{"line":30,"column":48},"end":{"line":30,"column":50}}]},"15":{"loc":{"start":{"line":30,"column":12},"end":{"line":30,"column":48}},"type":"cond-expr","locations":[{"start":{"line":30,"column":32},"end":{"line":30,"column":34}},{"start":{"line":30,"column":32},"end":{"line":30,"column":48}}]},"16":{"loc":{"start":{"line":30,"column":12},"end":{"line":30,"column":34}},"type":"binary-expr","locations":[{"start":{"line":30,"column":12},"end":{"line":30,"column":34}},{"start":{"line":30,"column":32},"end":{"line":30,"column":34}}]},"17":{"loc":{"start":{"line":30,"column":12},"end":{"line":30,"column":32}},"type":"cond-expr","locations":[{"start":{"line":30,"column":16},"end":{"line":30,"column":18}},{"start":{"line":30,"column":12},"end":{"line":30,"column":32}}]},"18":{"loc":{"start":{"line":30,"column":12},"end":{"line":30,"column":18}},"type":"binary-expr","locations":[{"start":{"line":30,"column":12},"end":{"line":30,"column":18}},{"start":{"line":30,"column":12},"end":{"line":30,"column":18}}]},"19":{"loc":{"start":{"line":31,"column":12},"end":{"line":31,"column":75}},"type":"cond-expr","locations":[{"start":{"line":31,"column":19},"end":{"line":31,"column":21}},{"start":{"line":31,"column":12},"end":{"line":31,"column":75}}]},"20":{"loc":{"start":{"line":31,"column":12},"end":{"line":31,"column":21}},"type":"binary-expr","locations":[{"start":{"line":31,"column":12},"end":{"line":31,"column":21}},{"start":{"line":31,"column":12},"end":{"line":31,"column":21}}]},"21":{"loc":{"start":{"line":35,"column":8},"end":{"line":37,"column":null}},"type":"if","locations":[{"start":{"line":35,"column":8},"end":{"line":37,"column":null}}]},"22":{"loc":{"start":{"line":40,"column":8},"end":{"line":45,"column":null}},"type":"if","locations":[{"start":{"line":40,"column":8},"end":{"line":45,"column":null}}]},"23":{"loc":{"start":{"line":40,"column":12},"end":{"line":40,"column":38}},"type":"cond-expr","locations":[{"start":{"line":40,"column":30},"end":{"line":40,"column":32}},{"start":{"line":40,"column":30},"end":{"line":40,"column":38}}]},"24":{"loc":{"start":{"line":40,"column":12},"end":{"line":40,"column":32}},"type":"binary-expr","locations":[{"start":{"line":40,"column":12},"end":{"line":40,"column":32}},{"start":{"line":40,"column":30},"end":{"line":40,"column":32}}]}},"s":{"0":4,"1":4,"2":4,"3":4,"4":4,"5":4,"6":8,"7":8,"8":8,"9":17,"10":17,"11":6,"12":17,"13":10,"14":17,"15":1,"16":17,"17":1,"18":1,"19":1,"20":8,"21":4},"f":{"0":8},"b":{"0":[0,25],"1":[25,25],"2":[6],"3":[5,12],"4":[17,17],"5":[5,12],"6":[17,17],"7":[5,12],"8":[17,17],"9":[0,6],"10":[6,6],"11":[10],"12":[17,11,11],"13":[5,12],"14":[17,17],"15":[5,12],"16":[17,17],"17":[5,12],"18":[17,17],"19":[0,10],"20":[10,10],"21":[1],"22":[1],"23":[5,12],"24":[17,17]}}
,"E:\\ws\\ThaoXinhDep\\GoogleDocsToHTML\\src\\GoogleDocsToHTML\\Heading\\Heading.tsx": {"path":"E:\\ws\\ThaoXinhDep\\GoogleDocsToHTML\\src\\GoogleDocsToHTML\\Heading\\Heading.tsx","statementMap":{"0":{"start":{"line":3,"column":0},"end":{"line":3,"column":26}},"1":{"start":{"line":4,"column":0},"end":{"line":4,"column":45}},"2":{"start":{"line":11,"column":44},"end":{"line":58,"column":1}},"3":{"start":{"line":14,"column":16},"end":{"line":14,"column":55}},"4":{"start":{"line":15,"column":37},"end":{"line":15,"column":39}},"5":{"start":{"line":18,"column":4},"end":{"line":20,"column":null}},"6":{"start":{"line":19,"column":8},"end":{"line":19,"column":72}},"7":{"start":{"line":23,"column":4},"end":{"line":57,"column":6}},"8":{"start":{"line":24,"column":8},"end":{"line":28,"column":null}},"9":{"start":{"line":29,"column":11},"end":{"line":57,"column":6}},"10":{"start":{"line":30,"column":8},"end":{"line":34,"column":null}},"11":{"start":{"line":35,"column":11},"end":{"line":57,"column":6}},"12":{"start":{"line":36,"column":8},"end":{"line":40,"column":null}},"13":{"start":{"line":41,"column":11},"end":{"line":57,"column":6}},"14":{"start":{"line":42,"column":8},"end":{"line":46,"column":null}},"15":{"start":{"line":47,"column":11},"end":{"line":57,"column":6}},"16":{"start":{"line":48,"column":8},"end":{"line":52,"column":null}},"17":{"start":{"line":53,"column":11},"end":{"line":57,"column":6}},"18":{"start":{"line":11,"column":13},"end":{"line":11,"column":44}}},"fnMap":{"0":{"name":"(anonymous_1)","decl":{"start":{"line":11,"column":44},"end":{"line":11,"column":45}},"loc":{"start":{"line":13,"column":5},"end":{"line":58,"column":1}}},"1":{"name":"(anonymous_2)","decl":{"start":{"line":18,"column":31},"end":{"line":18,"column":41}},"loc":{"start":{"line":18,"column":55},"end":{"line":20,"column":5}}}},"branchMap":{"0":{"loc":{"start":{"line":14,"column":16},"end":{"line":14,"column":55}},"type":"cond-expr","locations":[{"start":{"line":14,"column":39},"end":{"line":14,"column":41}},{"start":{"line":14,"column":39},"end":{"line":14,"column":55}}]},"1":{"loc":{"start":{"line":14,"column":16},"end":{"line":14,"column":41}},"type":"binary-expr","locations":[{"start":{"line":14,"column":16},"end":{"line":14,"column":41}},{"start":{"line":14,"column":39},"end":{"line":14,"column":41}}]},"2":{"loc":{"start":{"line":14,"column":16},"end":{"line":14,"column":39}},"type":"cond-expr","locations":[{"start":{"line":14,"column":23},"end":{"line":14,"column":25}},{"start":{"line":14,"column":16},"end":{"line":14,"column":39}}]},"3":{"loc":{"start":{"line":14,"column":16},"end":{"line":14,"column":25}},"type":"binary-expr","locations":[{"start":{"line":14,"column":16},"end":{"line":14,"column":25}},{"start":{"line":14,"column":16},"end":{"line":14,"column":25}}]},"4":{"loc":{"start":{"line":18,"column":4},"end":{"line":20,"column":6}},"type":"cond-expr","locations":[{"start":{"line":18,"column":21},"end":{"line":18,"column":23}},{"start":{"line":18,"column":21},"end":{"line":20,"column":6}}]},"5":{"loc":{"start":{"line":18,"column":4},"end":{"line":18,"column":23}},"type":"binary-expr","locations":[{"start":{"line":18,"column":4},"end":{"line":18,"column":23}},{"start":{"line":18,"column":21},"end":{"line":18,"column":23}}]},"6":{"loc":{"start":{"line":18,"column":4},"end":{"line":18,"column":21}},"type":"cond-expr","locations":[{"start":{"line":18,"column":11},"end":{"line":18,"column":13}},{"start":{"line":18,"column":4},"end":{"line":18,"column":21}}]},"7":{"loc":{"start":{"line":18,"column":4},"end":{"line":18,"column":13}},"type":"binary-expr","locations":[{"start":{"line":18,"column":4},"end":{"line":18,"column":13}},{"start":{"line":18,"column":4},"end":{"line":18,"column":13}}]},"8":{"loc":{"start":{"line":23,"column":4},"end":{"line":57,"column":6}},"type":"if","locations":[{"start":{"line":23,"column":4},"end":{"line":57,"column":6}},{"start":{"line":29,"column":11},"end":{"line":57,"column":6}}]},"9":{"loc":{"start":{"line":29,"column":11},"end":{"line":57,"column":6}},"type":"if","locations":[{"start":{"line":29,"column":11},"end":{"line":57,"column":6}},{"start":{"line":35,"column":11},"end":{"line":57,"column":6}}]},"10":{"loc":{"start":{"line":35,"column":11},"end":{"line":57,"column":6}},"type":"if","locations":[{"start":{"line":35,"column":11},"end":{"line":57,"column":6}},{"start":{"line":41,"column":11},"end":{"line":57,"column":6}}]},"11":{"loc":{"start":{"line":41,"column":11},"end":{"line":57,"column":6}},"type":"if","locations":[{"start":{"line":41,"column":11},"end":{"line":57,"column":6}},{"start":{"line":47,"column":11},"end":{"line":57,"column":6}}]},"12":{"loc":{"start":{"line":47,"column":11},"end":{"line":57,"column":6}},"type":"if","locations":[{"start":{"line":47,"column":11},"end":{"line":57,"column":6}},{"start":{"line":53,"column":11},"end":{"line":57,"column":6}}]}},"s":{"0":10,"1":10,"2":10,"3":12,"4":12,"5":12,"6":8,"7":12,"8":1,"9":11,"10":2,"11":9,"12":1,"13":8,"14":1,"15":7,"16":1,"17":6,"18":10},"f":{"0":12,"1":8},"b":{"0":[5,7],"1":[12,12],"2":[5,7],"3":[12,12],"4":[5,7],"5":[12,12],"6":[5,7],"7":[12,12],"8":[1,11],"9":[2,9],"10":[1,8],"11":[1,7],"12":[1,6]}}
,"E:\\ws\\ThaoXinhDep\\GoogleDocsToHTML\\src\\GoogleDocsToHTML\\Image\\Image.tsx": {"path":"E:\\ws\\ThaoXinhDep\\GoogleDocsToHTML\\src\\GoogleDocsToHTML\\Image\\Image.tsx","statementMap":{"0":{"start":{"line":2,"column":0},"end":{"line":2,"column":26}},"1":{"start":{"line":9,"column":43},"end":{"line":32,"column":1}},"2":{"start":{"line":16,"column":4},"end":{"line":16,"column":64}},"3":{"start":{"line":18,"column":20},"end":{"line":18,"column":38}},"4":{"start":{"line":22,"column":4},"end":{"line":27,"column":null}},"5":{"start":{"line":23,"column":8},"end":{"line":23,"column":109}},"6":{"start":{"line":24,"column":8},"end":{"line":26,"column":null}},"7":{"start":{"line":29,"column":4},"end":{"line":31,"column":null}},"8":{"start":{"line":9,"column":13},"end":{"line":9,"column":43}}},"fnMap":{"0":{"name":"(anonymous_1)","decl":{"start":{"line":9,"column":43},"end":{"line":9,"column":44}},"loc":{"start":{"line":12,"column":5},"end":{"line":32,"column":1}}}},"branchMap":{"0":{"loc":{"start":{"line":16,"column":18},"end":{"line":16,"column":63}},"type":"cond-expr","locations":[{"start":{"line":16,"column":46},"end":{"line":16,"column":48}},{"start":{"line":16,"column":46},"end":{"line":16,"column":63}}]},"1":{"loc":{"start":{"line":16,"column":18},"end":{"line":16,"column":48}},"type":"binary-expr","locations":[{"start":{"line":16,"column":18},"end":{"line":16,"column":48}},{"start":{"line":16,"column":46},"end":{"line":16,"column":48}}]},"2":{"loc":{"start":{"line":16,"column":18},"end":{"line":16,"column":46}},"type":"cond-expr","locations":[{"start":{"line":16,"column":25},"end":{"line":16,"column":27}},{"start":{"line":16,"column":18},"end":{"line":16,"column":46}}]},"3":{"loc":{"start":{"line":16,"column":18},"end":{"line":16,"column":27}},"type":"binary-expr","locations":[{"start":{"line":16,"column":18},"end":{"line":16,"column":27}},{"start":{"line":16,"column":18},"end":{"line":16,"column":27}}]},"4":{"loc":{"start":{"line":18,"column":20},"end":{"line":18,"column":38}},"type":"cond-expr","locations":[{"start":{"line":18,"column":23},"end":{"line":18,"column":25}},{"start":{"line":18,"column":20},"end":{"line":18,"column":38}}]},"5":{"loc":{"start":{"line":18,"column":20},"end":{"line":18,"column":25}},"type":"binary-expr","locations":[{"start":{"line":18,"column":20},"end":{"line":18,"column":25}},{"start":{"line":18,"column":20},"end":{"line":18,"column":25}}]},"6":{"loc":{"start":{"line":22,"column":4},"end":{"line":27,"column":null}},"type":"if","locations":[{"start":{"line":22,"column":4},"end":{"line":27,"column":null}}]},"7":{"loc":{"start":{"line":22,"column":8},"end":{"line":22,"column":58}},"type":"binary-expr","locations":[{"start":{"line":22,"column":8},"end":{"line":22,"column":32}},{"start":{"line":22,"column":36},"end":{"line":22,"column":58}}]},"8":{"loc":{"start":{"line":23,"column":17},"end":{"line":23,"column":108}},"type":"cond-expr","locations":[{"start":{"line":23,"column":95},"end":{"line":23,"column":97}},{"start":{"line":23,"column":95},"end":{"line":23,"column":108}}]},"9":{"loc":{"start":{"line":23,"column":17},"end":{"line":23,"column":97}},"type":"binary-expr","locations":[{"start":{"line":23,"column":17},"end":{"line":23,"column":97}},{"start":{"line":23,"column":95},"end":{"line":23,"column":97}}]},"10":{"loc":{"start":{"line":23,"column":17},"end":{"line":23,"column":95}},"type":"cond-expr","locations":[{"start":{"line":23,"column":78},"end":{"line":23,"column":80}},{"start":{"line":23,"column":78},"end":{"line":23,"column":95}}]},"11":{"loc":{"start":{"line":23,"column":17},"end":{"line":23,"column":80}},"type":"binary-expr","locations":[{"start":{"line":23,"column":17},"end":{"line":23,"column":80}},{"start":{"line":23,"column":78},"end":{"line":23,"column":80}}]},"12":{"loc":{"start":{"line":23,"column":17},"end":{"line":23,"column":78}},"type":"cond-expr","locations":[{"start":{"line":23,"column":62},"end":{"line":23,"column":64}},{"start":{"line":23,"column":62},"end":{"line":23,"column":78}}]},"13":{"loc":{"start":{"line":23,"column":17},"end":{"line":23,"column":64}},"type":"binary-expr","locations":[{"start":{"line":23,"column":17},"end":{"line":23,"column":64}},{"start":{"line":23,"column":62},"end":{"line":23,"column":64}}]}},"s":{"0":5,"1":5,"2":1,"3":1,"4":1,"5":1,"6":1,"7":0,"8":5},"f":{"0":1},"b":{"0":[0,1],"1":[1,1],"2":[0,1],"3":[1,1],"4":[0,1],"5":[1,1],"6":[1],"7":[1,1],"8":[0,1],"9":[1,1],"10":[0,1],"11":[1,1],"12":[0,1],"13":[1,1]}}
,"E:\\ws\\ThaoXinhDep\\GoogleDocsToHTML\\src\\GoogleDocsToHTML\\Link\\Link.tsx": {"path":"E:\\ws\\ThaoXinhDep\\GoogleDocsToHTML\\src\\GoogleDocsToHTML\\Link\\Link.tsx","statementMap":{"0":{"start":{"line":2,"column":0},"end":{"line":2,"column":26}},"1":{"start":{"line":3,"column":0},"end":{"line":3,"column":45}},"2":{"start":{"line":10,"column":41},"end":{"line":25,"column":1}},"3":{"start":{"line":16,"column":4},"end":{"line":18,"column":null}},"4":{"start":{"line":17,"column":8},"end":{"line":17,"column":62}},"5":{"start":{"line":20,"column":4},"end":{"line":24,"column":null}},"6":{"start":{"line":10,"column":13},"end":{"line":10,"column":41}}},"fnMap":{"0":{"name":"(anonymous_1)","decl":{"start":{"line":10,"column":41},"end":{"line":10,"column":42}},"loc":{"start":{"line":12,"column":5},"end":{"line":25,"column":1}}}},"branchMap":{"0":{"loc":{"start":{"line":16,"column":4},"end":{"line":18,"column":null}},"type":"if","locations":[{"start":{"line":16,"column":4},"end":{"line":18,"column":null}}]},"1":{"loc":{"start":{"line":16,"column":8},"end":{"line":16,"column":50}},"type":"cond-expr","locations":[{"start":{"line":16,"column":44},"end":{"line":16,"column":46}},{"start":{"line":16,"column":44},"end":{"line":16,"column":50}}]},"2":{"loc":{"start":{"line":16,"column":8},"end":{"line":16,"column":46}},"type":"binary-expr","locations":[{"start":{"line":16,"column":8},"end":{"line":16,"column":46}},{"start":{"line":16,"column":44},"end":{"line":16,"column":46}}]},"3":{"loc":{"start":{"line":16,"column":8},"end":{"line":16,"column":44}},"type":"cond-expr","locations":[{"start":{"line":16,"column":33},"end":{"line":16,"column":35}},{"start":{"line":16,"column":33},"end":{"line":16,"column":44}}]},"4":{"loc":{"start":{"line":16,"column":8},"end":{"line":16,"column":35}},"type":"binary-expr","locations":[{"start":{"line":16,"column":8},"end":{"line":16,"column":35}},{"start":{"line":16,"column":33},"end":{"line":16,"column":35}}]},"5":{"loc":{"start":{"line":16,"column":8},"end":{"line":16,"column":33}},"type":"cond-expr","locations":[{"start":{"line":16,"column":24},"end":{"line":16,"column":26}},{"start":{"line":16,"column":8},"end":{"line":16,"column":33}}]},"6":{"loc":{"start":{"line":16,"column":8},"end":{"line":16,"column":26}},"type":"binary-expr","locations":[{"start":{"line":16,"column":8},"end":{"line":16,"column":26}},{"start":{"line":16,"column":8},"end":{"line":16,"column":26}}]},"7":{"loc":{"start":{"line":17,"column":14},"end":{"line":17,"column":61}},"type":"cond-expr","locations":[{"start":{"line":17,"column":50},"end":{"line":17,"column":52}},{"start":{"line":17,"column":50},"end":{"line":17,"column":61}}]},"8":{"loc":{"start":{"line":17,"column":14},"end":{"line":17,"column":52}},"type":"binary-expr","locations":[{"start":{"line":17,"column":14},"end":{"line":17,"column":52}},{"start":{"line":17,"column":50},"end":{"line":17,"column":52}}]},"9":{"loc":{"start":{"line":17,"column":14},"end":{"line":17,"column":50}},"type":"cond-expr","locations":[{"start":{"line":17,"column":39},"end":{"line":17,"column":41}},{"start":{"line":17,"column":39},"end":{"line":17,"column":50}}]},"10":{"loc":{"start":{"line":17,"column":14},"end":{"line":17,"column":41}},"type":"binary-expr","locations":[{"start":{"line":17,"column":14},"end":{"line":17,"column":41}},{"start":{"line":17,"column":39},"end":{"line":17,"column":41}}]},"11":{"loc":{"start":{"line":17,"column":14},"end":{"line":17,"column":39}},"type":"cond-expr","locations":[{"start":{"line":17,"column":30},"end":{"line":17,"column":32}},{"start":{"line":17,"column":14},"end":{"line":17,"column":39}}]},"12":{"loc":{"start":{"line":17,"column":14},"end":{"line":17,"column":32}},"type":"binary-expr","locations":[{"start":{"line":17,"column":14},"end":{"line":17,"column":32}},{"start":{"line":17,"column":14},"end":{"line":17,"column":32}}]}},"s":{"0":5,"1":5,"2":5,"3":1,"4":1,"5":1,"6":5},"f":{"0":1},"b":{"0":[1],"1":[0,1],"2":[1,1],"3":[0,1],"4":[1,1],"5":[0,1],"6":[1,1],"7":[0,1],"8":[1,1],"9":[0,1],"10":[1,1],"11":[0,1],"12":[1,1]}}
,"E:\\ws\\ThaoXinhDep\\GoogleDocsToHTML\\src\\GoogleDocsToHTML\\TextRun\\TextRun.tsx": {"path":"E:\\ws\\ThaoXinhDep\\GoogleDocsToHTML\\src\\GoogleDocsToHTML\\TextRun\\TextRun.tsx","statementMap":{"0":{"start":{"line":3,"column":0},"end":{"line":3,"column":45}},"1":{"start":{"line":4,"column":0},"end":{"line":4,"column":49}},"2":{"start":{"line":11,"column":47},"end":{"line":78,"column":1}},"3":{"start":{"line":15,"column":4},"end":{"line":15,"column":17}},"4":{"start":{"line":17,"column":4},"end":{"line":19,"column":null}},"5":{"start":{"line":18,"column":8},"end":{"line":18,"column":48}},"6":{"start":{"line":22,"column":24},"end":{"line":22,"column":26}},"7":{"start":{"line":23,"column":4},"end":{"line":25,"column":null}},"8":{"start":{"line":24,"column":8},"end":{"line":24,"column":31}},"9":{"start":{"line":28,"column":20},"end":{"line":28,"column":47}},"10":{"start":{"line":30,"column":4},"end":{"line":30,"column":21}},"11":{"start":{"line":32,"column":4},"end":{"line":34,"column":null}},"12":{"start":{"line":33,"column":8},"end":{"line":33,"column":40}},"13":{"start":{"line":36,"column":4},"end":{"line":38,"column":null}},"14":{"start":{"line":37,"column":8},"end":{"line":37,"column":41}},"15":{"start":{"line":40,"column":4},"end":{"line":42,"column":null}},"16":{"start":{"line":41,"column":8},"end":{"line":41,"column":49}},"17":{"start":{"line":44,"column":4},"end":{"line":46,"column":null}},"18":{"start":{"line":45,"column":8},"end":{"line":45,"column":81}},"19":{"start":{"line":50,"column":4},"end":{"line":55,"column":null}},"20":{"start":{"line":51,"column":8},"end":{"line":51,"column":57}},"21":{"start":{"line":52,"column":8},"end":{"line":52,"column":60}},"22":{"start":{"line":53,"column":8},"end":{"line":53,"column":38}},"23":{"start":{"line":54,"column":8},"end":{"line":54,"column":44}},"24":{"start":{"line":57,"column":4},"end":{"line":59,"column":null}},"25":{"start":{"line":58,"column":8},"end":{"line":58,"column":91}},"26":{"start":{"line":63,"column":4},"end":{"line":71,"column":null}},"27":{"start":{"line":64,"column":8},"end":{"line":64,"column":50}},"28":{"start":{"line":65,"column":8},"end":{"line":65,"column":40}},"29":{"start":{"line":66,"column":8},"end":{"line":70,"column":null}},"30":{"start":{"line":67,"column":12},"end":{"line":67,"column":45}},"31":{"start":{"line":69,"column":12},"end":{"line":69,"column":40}},"32":{"start":{"line":73,"column":4},"end":{"line":77,"column":6}},"33":{"start":{"line":11,"column":13},"end":{"line":11,"column":47}}},"fnMap":{"0":{"name":"(anonymous_1)","decl":{"start":{"line":11,"column":47},"end":{"line":11,"column":48}},"loc":{"start":{"line":13,"column":5},"end":{"line":78,"column":1}}},"1":{"name":"(anonymous_2)","decl":{"start":{"line":23,"column":20},"end":{"line":23,"column":30}},"loc":{"start":{"line":23,"column":35},"end":{"line":25,"column":5}}}},"branchMap":{"0":{"loc":{"start":{"line":17,"column":4},"end":{"line":19,"column":null}},"type":"if","locations":[{"start":{"line":17,"column":4},"end":{"line":19,"column":null}}]},"1":{"loc":{"start":{"line":17,"column":8},"end":{"line":17,"column":33}},"type":"cond-expr","locations":[{"start":{"line":17,"column":24},"end":{"line":17,"column":26}},{"start":{"line":17,"column":24},"end":{"line":17,"column":33}}]},"2":{"loc":{"start":{"line":17,"column":8},"end":{"line":17,"column":26}},"type":"binary-expr","locations":[{"start":{"line":17,"column":8},"end":{"line":17,"column":26}},{"start":{"line":17,"column":24},"end":{"line":17,"column":26}}]},"3":{"loc":{"start":{"line":17,"column":8},"end":{"line":17,"column":24}},"type":"cond-expr","locations":[{"start":{"line":17,"column":15},"end":{"line":17,"column":17}},{"start":{"line":17,"column":8},"end":{"line":17,"column":24}}]},"4":{"loc":{"start":{"line":17,"column":8},"end":{"line":17,"column":17}},"type":"binary-expr","locations":[{"start":{"line":17,"column":8},"end":{"line":17,"column":17}},{"start":{"line":17,"column":8},"end":{"line":17,"column":17}}]},"5":{"loc":{"start":{"line":18,"column":21},"end":{"line":18,"column":46}},"type":"cond-expr","locations":[{"start":{"line":18,"column":37},"end":{"line":18,"column":39}},{"start":{"line":18,"column":37},"end":{"line":18,"column":46}}]},"6":{"loc":{"start":{"line":18,"column":21},"end":{"line":18,"column":39}},"type":"binary-expr","locations":[{"start":{"line":18,"column":21},"end":{"line":18,"column":39}},{"start":{"line":18,"column":37},"end":{"line":18,"column":39}}]},"7":{"loc":{"start":{"line":18,"column":21},"end":{"line":18,"column":37}},"type":"cond-expr","locations":[{"start":{"line":18,"column":28},"end":{"line":18,"column":30}},{"start":{"line":18,"column":21},"end":{"line":18,"column":37}}]},"8":{"loc":{"start":{"line":18,"column":21},"end":{"line":18,"column":30}},"type":"binary-expr","locations":[{"start":{"line":18,"column":21},"end":{"line":18,"column":30}},{"start":{"line":18,"column":21},"end":{"line":18,"column":30}}]},"9":{"loc":{"start":{"line":28,"column":20},"end":{"line":28,"column":47}},"type":"cond-expr","locations":[{"start":{"line":28,"column":36},"end":{"line":28,"column":38}},{"start":{"line":28,"column":36},"end":{"line":28,"column":47}}]},"10":{"loc":{"start":{"line":28,"column":20},"end":{"line":28,"column":38}},"type":"binary-expr","locations":[{"start":{"line":28,"column":20},"end":{"line":28,"column":38}},{"start":{"line":28,"column":36},"end":{"line":28,"column":38}}]},"11":{"loc":{"start":{"line":28,"column":20},"end":{"line":28,"column":36}},"type":"cond-expr","locations":[{"start":{"line":28,"column":27},"end":{"line":28,"column":29}},{"start":{"line":28,"column":20},"end":{"line":28,"column":36}}]},"12":{"loc":{"start":{"line":28,"column":20},"end":{"line":28,"column":29}},"type":"binary-expr","locations":[{"start":{"line":28,"column":20},"end":{"line":28,"column":29}},{"start":{"line":28,"column":20},"end":{"line":28,"column":29}}]},"13":{"loc":{"start":{"line":32,"column":4},"end":{"line":34,"column":null}},"type":"if","locations":[{"start":{"line":32,"column":4},"end":{"line":34,"column":null}}]},"14":{"loc":{"start":{"line":32,"column":8},"end":{"line":32,"column":23}},"type":"cond-expr","locations":[{"start":{"line":32,"column":17},"end":{"line":32,"column":19}},{"start":{"line":32,"column":8},"end":{"line":32,"column":23}}]},"15":{"loc":{"start":{"line":32,"column":8},"end":{"line":32,"column":19}},"type":"binary-expr","locations":[{"start":{"line":32,"column":8},"end":{"line":32,"column":19}},{"start":{"line":32,"column":8},"end":{"line":32,"column":19}}]},"16":{"loc":{"start":{"line":36,"column":4},"end":{"line":38,"column":null}},"type":"if","locations":[{"start":{"line":36,"column":4},"end":{"line":38,"column":null}}]},"17":{"loc":{"start":{"line":36,"column":8},"end":{"line":36,"column":25}},"type":"cond-expr","locations":[{"start":{"line":36,"column":17},"end":{"line":36,"column":19}},{"start":{"line":36,"column":8},"end":{"line":36,"column":25}}]},"18":{"loc":{"start":{"line":36,"column":8},"end":{"line":36,"column":19}},"type":"binary-expr","locations":[{"start":{"line":36,"column":8},"end":{"line":36,"column":19}},{"start":{"line":36,"column":8},"end":{"line":36,"column":19}}]},"19":{"loc":{"start":{"line":40,"column":4},"end":{"line":42,"column":null}},"type":"if","locations":[{"start":{"line":40,"column":4},"end":{"line":42,"column":null}}]},"20":{"loc":{"start":{"line":40,"column":8},"end":{"line":40,"column":28}},"type":"cond-expr","locations":[{"start":{"line":40,"column":17},"end":{"line":40,"column":19}},{"start":{"line":40,"column":8},"end":{"line":40,"column":28}}]},"21":{"loc":{"start":{"line":40,"column":8},"end":{"line":40,"column":19}},"type":"binary-expr","locations":[{"start":{"line":40,"column":8},"end":{"line":40,"column":19}},{"start":{"line":40,"column":8},"end":{"line":40,"column":19}}]},"22":{"loc":{"start":{"line":44,"column":4},"end":{"line":46,"column":null}},"type":"if","locations":[{"start":{"line":44,"column":4},"end":{"line":46,"column":null}}]},"23":{"loc":{"start":{"line":44,"column":8},"end":{"line":44,"column":41}},"type":"cond-expr","locations":[{"start":{"line":44,"column":34},"end":{"line":44,"column":36}},{"start":{"line":44,"column":34},"end":{"line":44,"column":41}}]},"24":{"loc":{"start":{"line":44,"column":8},"end":{"line":44,"column":36}},"type":"binary-expr","locations":[{"start":{"line":44,"column":8},"end":{"line":44,"column":36}},{"start":{"line":44,"column":34},"end":{"line":44,"column":36}}]},"25":{"loc":{"start":{"line":44,"column":8},"end":{"line":44,"column":34}},"type":"cond-expr","locations":[{"start":{"line":44,"column":17},"end":{"line":44,"column":19}},{"start":{"line":44,"column":8},"end":{"line":44,"column":34}}]},"26":{"loc":{"start":{"line":44,"column":8},"end":{"line":44,"column":19}},"type":"binary-expr","locations":[{"start":{"line":44,"column":8},"end":{"line":44,"column":19}},{"start":{"line":44,"column":8},"end":{"line":44,"column":19}}]},"27":{"loc":{"start":{"line":45,"column":37},"end":{"line":45,"column":79}},"type":"cond-expr","locations":[{"start":{"line":45,"column":63},"end":{"line":45,"column":65}},{"start":{"line":45,"column":63},"end":{"line":45,"column":79}}]},"28":{"loc":{"start":{"line":45,"column":37},"end":{"line":45,"column":65}},"type":"binary-expr","locations":[{"start":{"line":45,"column":37},"end":{"line":45,"column":65}},{"start":{"line":45,"column":63},"end":{"line":45,"column":65}}]},"29":{"loc":{"start":{"line":45,"column":37},"end":{"line":45,"column":63}},"type":"cond-expr","locations":[{"start":{"line":45,"column":46},"end":{"line":45,"column":48}},{"start":{"line":45,"column":37},"end":{"line":45,"column":63}}]},"30":{"loc":{"start":{"line":45,"column":37},"end":{"line":45,"column":48}},"type":"binary-expr","locations":[{"start":{"line":45,"column":37},"end":{"line":45,"column":48}},{"start":{"line":45,"column":37},"end":{"line":45,"column":48}}]},"31":{"loc":{"start":{"line":50,"column":4},"end":{"line":55,"column":null}},"type":"if","locations":[{"start":{"line":50,"column":4},"end":{"line":55,"column":null}}]},"32":{"loc":{"start":{"line":50,"column":8},"end":{"line":50,"column":49}},"type":"cond-expr","locations":[{"start":{"line":50,"column":37},"end":{"line":50,"column":39}},{"start":{"line":50,"column":37},"end":{"line":50,"column":49}}]},"33":{"loc":{"start":{"line":50,"column":8},"end":{"line":50,"column":39}},"type":"binary-expr","locations":[{"start":{"line":50,"column":8},"end":{"line":50,"column":39}},{"start":{"line":50,"column":37},"end":{"line":50,"column":39}}]},"34":{"loc":{"start":{"line":50,"column":8},"end":{"line":50,"column":37}},"type":"cond-expr","locations":[{"start":{"line":50,"column":17},"end":{"line":50,"column":19}},{"start":{"line":50,"column":8},"end":{"line":50,"column":37}}]},"35":{"loc":{"start":{"line":50,"column":8},"end":{"line":50,"column":19}},"type":"binary-expr","locations":[{"start":{"line":50,"column":8},"end":{"line":50,"column":19}},{"start":{"line":50,"column":8},"end":{"line":50,"column":19}}]},"36":{"loc":{"start":{"line":51,"column":15},"end":{"line":51,"column":56}},"type":"cond-expr","locations":[{"start":{"line":51,"column":44},"end":{"line":51,"column":46}},{"start":{"line":51,"column":44},"end":{"line":51,"column":56}}]},"37":{"loc":{"start":{"line":51,"column":15},"end":{"line":51,"column":46}},"type":"binary-expr","locations":[{"start":{"line":51,"column":15},"end":{"line":51,"column":46}},{"start":{"line":51,"column":44},"end":{"line":51,"column":46}}]},"38":{"loc":{"start":{"line":51,"column":15},"end":{"line":51,"column":44}},"type":"cond-expr","locations":[{"start":{"line":51,"column":24},"end":{"line":51,"column":26}},{"start":{"line":51,"column":15},"end":{"line":51,"column":44}}]},"39":{"loc":{"start":{"line":51,"column":15},"end":{"line":51,"column":26}},"type":"binary-expr","locations":[{"start":{"line":51,"column":15},"end":{"line":51,"column":26}},{"start":{"line":51,"column":15},"end":{"line":51,"column":26}}]},"40":{"loc":{"start":{"line":52,"column":21},"end":{"line":52,"column":59}},"type":"cond-expr","locations":[{"start":{"line":52,"column":50},"end":{"line":52,"column":52}},{"start":{"line":52,"column":50},"end":{"line":52,"column":59}}]},"41":{"loc":{"start":{"line":52,"column":21},"end":{"line":52,"column":52}},"type":"binary-expr","locations":[{"start":{"line":52,"column":21},"end":{"line":52,"column":52}},{"start":{"line":52,"column":50},"end":{"line":52,"column":52}}]},"42":{"loc":{"start":{"line":52,"column":21},"end":{"line":52,"column":50}},"type":"cond-expr","locations":[{"start":{"line":52,"column":30},"end":{"line":52,"column":32}},{"start":{"line":52,"column":21},"end":{"line":52,"column":50}}]},"43":{"loc":{"start":{"line":52,"column":21},"end":{"line":52,"column":32}},"type":"binary-expr","locations":[{"start":{"line":52,"column":21},"end":{"line":52,"column":32}},{"start":{"line":52,"column":21},"end":{"line":52,"column":32}}]},"44":{"loc":{"start":{"line":57,"column":4},"end":{"line":59,"column":null}},"type":"if","locations":[{"start":{"line":57,"column":4},"end":{"line":59,"column":null}}]},"45":{"loc":{"start":{"line":57,"column":8},"end":{"line":57,"column":41}},"type":"cond-expr","locations":[{"start":{"line":57,"column":34},"end":{"line":57,"column":36}},{"start":{"line":57,"column":34},"end":{"line":57,"column":41}}]},"46":{"loc":{"start":{"line":57,"column":8},"end":{"line":57,"column":36}},"type":"binary-expr","locations":[{"start":{"line":57,"column":8},"end":{"line":57,"column":36}},{"start":{"line":57,"column":34},"end":{"line":57,"column":36}}]},"47":{"loc":{"start":{"line":57,"column":8},"end":{"line":57,"column":34}},"type":"cond-expr","locations":[{"start":{"line":57,"column":17},"end":{"line":57,"column":19}},{"start":{"line":57,"column":8},"end":{"line":57,"column":34}}]},"48":{"loc":{"start":{"line":57,"column":8},"end":{"line":57,"column":19}},"type":"binary-expr","locations":[{"start":{"line":57,"column":8},"end":{"line":57,"column":19}},{"start":{"line":57,"column":8},"end":{"line":57,"column":19}}]},"49":{"loc":{"start":{"line":58,"column":47},"end":{"line":58,"column":89}},"type":"cond-expr","locations":[{"start":{"line":58,"column":73},"end":{"line":58,"column":75}},{"start":{"line":58,"column":73},"end":{"line":58,"column":89}}]},"50":{"loc":{"start":{"line":58,"column":47},"end":{"line":58,"column":75}},"type":"binary-expr","locations":[{"start":{"line":58,"column":47},"end":{"line":58,"column":75}},{"start":{"line":58,"column":73},"end":{"line":58,"column":75}}]},"51":{"loc":{"start":{"line":58,"column":47},"end":{"line":58,"column":73}},"type":"cond-expr","locations":[{"start":{"line":58,"column":56},"end":{"line":58,"column":58}},{"start":{"line":58,"column":47},"end":{"line":58,"column":73}}]},"52":{"loc":{"start":{"line":58,"column":47},"end":{"line":58,"column":58}},"type":"binary-expr","locations":[{"start":{"line":58,"column":47},"end":{"line":58,"column":58}},{"start":{"line":58,"column":47},"end":{"line":58,"column":58}}]},"53":{"loc":{"start":{"line":63,"column":4},"end":{"line":71,"column":null}},"type":"if","locations":[{"start":{"line":63,"column":4},"end":{"line":71,"column":null}}]},"54":{"loc":{"start":{"line":63,"column":8},"end":{"line":63,"column":27}},"type":"cond-expr","locations":[{"start":{"line":63,"column":17},"end":{"line":63,"column":19}},{"start":{"line":63,"column":8},"end":{"line":63,"column":27}}]},"55":{"loc":{"start":{"line":63,"column":8},"end":{"line":63,"column":19}},"type":"binary-expr","locations":[{"start":{"line":63,"column":8},"end":{"line":63,"column":19}},{"start":{"line":63,"column":8},"end":{"line":63,"column":19}}]},"56":{"loc":{"start":{"line":66,"column":8},"end":{"line":70,"column":null}},"type":"if","locations":[{"start":{"line":66,"column":8},"end":{"line":70,"column":null}},{"start":{"line":68,"column":15},"end":{"line":70,"column":null}}]}},"s":{"0":19,"1":19,"2":19,"3":30,"4":30,"5":30,"6":30,"7":30,"8":30,"9":30,"10":30,"11":30,"12":1,"13":30,"14":1,"15":30,"16":2,"17":30,"18":18,"19":30,"20":1,"21":1,"22":1,"23":1,"24":30,"25":1,"26":30,"27":14,"28":14,"29":14,"30":14,"31":0,"32":30,"33":19},"f":{"0":30,"1":30},"b":{"0":[30],"1":[0,30],"2":[30,30],"3":[0,30],"4":[30,30],"5":[0,30],"6":[30,30],"7":[0,30],"8":[30,30],"9":[0,30],"10":[30,30],"11":[0,30],"12":[30,30],"13":[1],"14":[0,30],"15":[30,30],"16":[1],"17":[0,30],"18":[30,30],"19":[2],"20":[0,30],"21":[30,30],"22":[18],"23":[12,18],"24":[30,30],"25":[0,30],"26":[30,30],"27":[0,18],"28":[18,18],"29":[0,18],"30":[18,18],"31":[1],"32":[29,1],"33":[30,30],"34":[0,30],"35":[30,30],"36":[0,1],"37":[1,1],"38":[0,1],"39":[1,1],"40":[0,1],"41":[1,1],"42":[0,1],"43":[1,1],"44":[1],"45":[29,1],"46":[30,30],"47":[0,30],"48":[30,30],"49":[0,1],"50":[1,1],"51":[0,1],"52":[1,1],"53":[14],"54":[0,30],"55":[30,30],"56":[14,0]}}
,"E:\\ws\\ThaoXinhDep\\GoogleDocsToHTML\\src\\Helper\\getColor.tsx": {"path":"E:\\ws\\ThaoXinhDep\\GoogleDocsToHTML\\src\\Helper\\getColor.tsx","statementMap":{"0":{"start":{"line":6,"column":4},"end":{"line":6,"column":37}},"1":{"start":{"line":7,"column":4},"end":{"line":7,"column":39}},"2":{"start":{"line":8,"column":4},"end":{"line":8,"column":41}},"3":{"start":{"line":9,"column":4},"end":{"line":11,"column":null}},"4":{"start":{"line":4,"column":0},"end":{"line":4,"column":16}}},"fnMap":{"0":{"name":"getColor","decl":{"start":{"line":4,"column":16},"end":{"line":4,"column":24}},"loc":{"start":{"line":4,"column":59},"end":{"line":12,"column":1}}}},"branchMap":{"0":{"loc":{"start":{"line":6,"column":11},"end":{"line":6,"column":29}},"type":"binary-expr","locations":[{"start":{"line":6,"column":11},"end":{"line":6,"column":24}},{"start":{"line":6,"column":28},"end":{"line":6,"column":29}}]},"1":{"loc":{"start":{"line":6,"column":11},"end":{"line":6,"column":24}},"type":"cond-expr","locations":[{"start":{"line":6,"column":19},"end":{"line":6,"column":21}},{"start":{"line":6,"column":11},"end":{"line":6,"column":24}}]},"2":{"loc":{"start":{"line":6,"column":11},"end":{"line":6,"column":21}},"type":"binary-expr","locations":[{"start":{"line":6,"column":11},"end":{"line":6,"column":21}},{"start":{"line":6,"column":11},"end":{"line":6,"column":21}}]},"3":{"loc":{"start":{"line":7,"column":12},"end":{"line":7,"column":31}},"type":"binary-expr","locations":[{"start":{"line":7,"column":12},"end":{"line":7,"column":26}},{"start":{"line":7,"column":30},"end":{"line":7,"column":31}}]},"4":{"loc":{"start":{"line":7,"column":12},"end":{"line":7,"column":26}},"type":"cond-expr","locations":[{"start":{"line":7,"column":20},"end":{"line":7,"column":22}},{"start":{"line":7,"column":12},"end":{"line":7,"column":26}}]},"5":{"loc":{"start":{"line":7,"column":12},"end":{"line":7,"column":22}},"type":"binary-expr","locations":[{"start":{"line":7,"column":12},"end":{"line":7,"column":22}},{"start":{"line":7,"column":12},"end":{"line":7,"column":22}}]},"6":{"loc":{"start":{"line":8,"column":13},"end":{"line":8,"column":33}},"type":"binary-expr","locations":[{"start":{"line":8,"column":13},"end":{"line":8,"column":28}},{"start":{"line":8,"column":32},"end":{"line":8,"column":33}}]},"7":{"loc":{"start":{"line":8,"column":13},"end":{"line":8,"column":28}},"type":"cond-expr","locations":[{"start":{"line":8,"column":21},"end":{"line":8,"column":23}},{"start":{"line":8,"column":13},"end":{"line":8,"column":28}}]},"8":{"loc":{"start":{"line":8,"column":13},"end":{"line":8,"column":23}},"type":"binary-expr","locations":[{"start":{"line":8,"column":13},"end":{"line":8,"column":23}},{"start":{"line":8,"column":13},"end":{"line":8,"column":23}}]}},"s":{"0":19,"1":19,"2":19,"3":19,"4":19},"f":{"0":19},"b":{"0":[19,0],"1":[0,19],"2":[19,19],"3":[19,1],"4":[0,19],"5":[19,19],"6":[19,1],"7":[0,19],"8":[19,19]}}
,"E:\\ws\\ThaoXinhDep\\GoogleDocsToHTML\\src\\Helper\\getListType.tsx": {"path":"E:\\ws\\ThaoXinhDep\\GoogleDocsToHTML\\src\\Helper\\getListType.tsx","statementMap":{"0":{"start":{"line":5,"column":16},"end":{"line":5,"column":25}},"1":{"start":{"line":6,"column":42},"end":{"line":6,"column":44}},"2":{"start":{"line":7,"column":44},"end":{"line":7,"column":46}},"3":{"start":{"line":9,"column":4},"end":{"line":15,"column":null}},"4":{"start":{"line":11,"column":9},"end":{"line":14,"column":null}},"5":{"start":{"line":12,"column":12},"end":{"line":12,"column":46}},"6":{"start":{"line":13,"column":12},"end":{"line":13,"column":50}},"7":{"start":{"line":17,"column":4},"end":{"line":17,"column":35}},"8":{"start":{"line":3,"column":0},"end":{"line":3,"column":16}}},"fnMap":{"0":{"name":"getListType","decl":{"start":{"line":3,"column":16},"end":{"line":3,"column":27}},"loc":{"start":{"line":3,"column":117},"end":{"line":18,"column":1}}},"1":{"name":"(anonymous_1)","decl":{"start":{"line":11,"column":31},"end":{"line":11,"column":41}},"loc":{"start":{"line":11,"column":46},"end":{"line":14,"column":9}}}},"branchMap":{"0":{"loc":{"start":{"line":9,"column":4},"end":{"line":15,"column":null}},"type":"if","locations":[{"start":{"line":9,"column":4},"end":{"line":15,"column":null}}]},"1":{"loc":{"start":{"line":9,"column":8},"end":{"line":9,"column":49}},"type":"binary-expr","locations":[{"start":{"line":9,"column":8},"end":{"line":9,"column":26}},{"start":{"line":9,"column":30},"end":{"line":9,"column":49}}]},"2":{"loc":{"start":{"line":11,"column":9},"end":{"line":14,"column":10}},"type":"cond-expr","locations":[{"start":{"line":11,"column":21},"end":{"line":11,"column":23}},{"start":{"line":11,"column":9},"end":{"line":14,"column":10}}]},"3":{"loc":{"start":{"line":11,"column":9},"end":{"line":11,"column":23}},"type":"binary-expr","locations":[{"start":{"line":11,"column":9},"end":{"line":11,"column":23}},{"start":{"line":11,"column":9},"end":{"line":11,"column":23}}]},"4":{"loc":{"start":{"line":12,"column":12},"end":{"line":12,"column":45}},"type":"cond-expr","locations":[{"start":{"line":12,"column":21},"end":{"line":12,"column":23}},{"start":{"line":12,"column":12},"end":{"line":12,"column":45}}]},"5":{"loc":{"start":{"line":12,"column":12},"end":{"line":12,"column":23}},"type":"binary-expr","locations":[{"start":{"line":12,"column":12},"end":{"line":12,"column":23}},{"start":{"line":12,"column":12},"end":{"line":12,"column":23}}]},"6":{"loc":{"start":{"line":13,"column":12},"end":{"line":13,"column":49}},"type":"cond-expr","locations":[{"start":{"line":13,"column":23},"end":{"line":13,"column":25}},{"start":{"line":13,"column":12},"end":{"line":13,"column":49}}]},"7":{"loc":{"start":{"line":13,"column":12},"end":{"line":13,"column":25}},"type":"binary-expr","locations":[{"start":{"line":13,"column":12},"end":{"line":13,"column":25}},{"start":{"line":13,"column":12},"end":{"line":13,"column":25}}]}},"s":{"0":1,"1":1,"2":1,"3":1,"4":1,"5":9,"6":9,"7":1,"8":4},"f":{"0":1,"1":9},"b":{"0":[1],"1":[1,1],"2":[0,1],"3":[1,1],"4":[0,9],"5":[9,9],"6":[0,9],"7":[9,9]}}
,"E:\\ws\\ThaoXinhDep\\GoogleDocsToHTML\\src\\Helper\\renderList.tsx": {"path":"E:\\ws\\ThaoXinhDep\\GoogleDocsToHTML\\src\\Helper\\renderList.tsx","statementMap":{"0":{"start":{"line":2,"column":0},"end":{"line":2,"column":26}},"1":{"start":{"line":3,"column":0},"end":{"line":3,"column":62}},"2":{"start":{"line":8,"column":37},"end":{"line":8,"column":39}},"3":{"start":{"line":17,"column":4},"end":{"line":64,"column":null}},"4":{"start":{"line":17,"column":17},"end":{"line":17,"column":27}},"5":{"start":{"line":18,"column":8},"end":{"line":22,"column":null}},"6":{"start":{"line":19,"column":12},"end":{"line":19,"column":29}},"7":{"start":{"line":21,"column":12},"end":{"line":21,"column":63}},"8":{"start":{"line":26,"column":8},"end":{"line":33,"column":null}},"9":{"start":{"line":27,"column":12},"end":{"line":27,"column":null}},"10":{"start":{"line":28,"column":12},"end":{"line":32,"column":null}},"11":{"start":{"line":36,"column":8},"end":{"line":63,"column":null}},"12":{"start":{"line":37,"column":12},"end":{"line":37,"column":25}},"13":{"start":{"line":38,"column":12},"end":{"line":50,"column":null}},"14":{"start":{"line":39,"column":16},"end":{"line":43,"column":null}},"15":{"start":{"line":45,"column":16},"end":{"line":49,"column":null}},"16":{"start":{"line":54,"column":13},"end":{"line":63,"column":null}},"17":{"start":{"line":55,"column":12},"end":{"line":59,"column":null}},"18":{"start":{"line":56,"column":16},"end":{"line":56,"column":32}},"19":{"start":{"line":57,"column":19},"end":{"line":59,"column":null}},"20":{"start":{"line":58,"column":16},"end":{"line":58,"column":32}},"21":{"start":{"line":60,"column":29},"end":{"line":60,"column":86}},"22":{"start":{"line":61,"column":12},"end":{"line":61,"column":31}},"23":{"start":{"line":62,"column":12},"end":{"line":62,"column":40}},"24":{"start":{"line":66,"column":4},"end":{"line":66,"column":17}},"25":{"start":{"line":67,"column":4},"end":{"line":79,"column":null}},"26":{"start":{"line":68,"column":8},"end":{"line":72,"column":null}},"27":{"start":{"line":74,"column":8},"end":{"line":78,"column":null}},"28":{"start":{"line":5,"column":0},"end":{"line":5,"column":16}}},"fnMap":{"0":{"name":"renderList","decl":{"start":{"line":5,"column":16},"end":{"line":5,"column":26}},"loc":{"start":{"line":5,"column":139},"end":{"line":80,"column":1}}}},"branchMap":{"0":{"loc":{"start":{"line":18,"column":8},"end":{"line":22,"column":null}},"type":"if","locations":[{"start":{"line":18,"column":8},"end":{"line":22,"column":null}},{"start":{"line":20,"column":15},"end":{"line":22,"column":null}}]},"1":{"loc":{"start":{"line":18,"column":12},"end":{"line":18,"column":46}},"type":"cond-expr","locations":[{"start":{"line":18,"column":32},"end":{"line":18,"column":34}},{"start":{"line":18,"column":32},"end":{"line":18,"column":46}}]},"2":{"loc":{"start":{"line":18,"column":12},"end":{"line":18,"column":34}},"type":"binary-expr","locations":[{"start":{"line":18,"column":12},"end":{"line":18,"column":34}},{"start":{"line":18,"column":32},"end":{"line":18,"column":34}}]},"3":{"loc":{"start":{"line":21,"column":27},"end":{"line":21,"column":62}},"type":"cond-expr","locations":[{"start":{"line":21,"column":47},"end":{"line":21,"column":49}},{"start":{"line":21,"column":47},"end":{"line":21,"column":62}}]},"4":{"loc":{"start":{"line":21,"column":27},"end":{"line":21,"column":49}},"type":"binary-expr","locations":[{"start":{"line":21,"column":27},"end":{"line":21,"column":49}},{"start":{"line":21,"column":47},"end":{"line":21,"column":49}}]},"5":{"loc":{"start":{"line":26,"column":8},"end":{"line":33,"column":null}},"type":"if","locations":[{"start":{"line":26,"column":8},"end":{"line":33,"column":null}}]},"6":{"loc":{"start":{"line":36,"column":8},"end":{"line":63,"column":null}},"type":"if","locations":[{"start":{"line":36,"column":8},"end":{"line":63,"column":null}},{"start":{"line":54,"column":13},"end":{"line":63,"column":null}}]},"7":{"loc":{"start":{"line":38,"column":12},"end":{"line":50,"column":null}},"type":"if","locations":[{"start":{"line":38,"column":12},"end":{"line":50,"column":null}},{"start":{"line":44,"column":19},"end":{"line":50,"column":null}}]},"8":{"loc":{"start":{"line":54,"column":13},"end":{"line":63,"column":null}},"type":"if","locations":[{"start":{"line":54,"column":13},"end":{"line":63,"column":null}}]},"9":{"loc":{"start":{"line":55,"column":12},"end":{"line":59,"column":null}},"type":"if","locations":[{"start":{"line":55,"column":12},"end":{"line":59,"column":null}},{"start":{"line":57,"column":19},"end":{"line":59,"column":null}}]},"10":{"loc":{"start":{"line":57,"column":19},"end":{"line":59,"column":null}},"type":"if","locations":[{"start":{"line":57,"column":19},"end":{"line":59,"column":null}}]},"11":{"loc":{"start":{"line":67,"column":4},"end":{"line":79,"column":null}},"type":"if","locations":[{"start":{"line":67,"column":4},"end":{"line":79,"column":null}},{"start":{"line":73,"column":11},"end":{"line":79,"column":null}}]}},"s":{"0":4,"1":4,"2":1,"3":1,"4":1,"5":2,"6":2,"7":0,"8":2,"9":2,"10":2,"11":2,"12":0,"13":0,"14":0,"15":0,"16":2,"17":0,"18":0,"19":0,"20":0,"21":0,"22":0,"23":0,"24":1,"25":1,"26":0,"27":1,"28":4},"f":{"0":1},"b":{"0":[2,0],"1":[0,2],"2":[2,2],"3":[0,0],"4":[0,0],"5":[2],"6":[0,2],"7":[0,0],"8":[0],"9":[0,0],"10":[0],"11":[0,1]}}
,"E:\\ws\\ThaoXinhDep\\GoogleDocsToHTML\\src\\Helper\\setBorder.tsx": {"path":"E:\\ws\\ThaoXinhDep\\GoogleDocsToHTML\\src\\Helper\\setBorder.tsx","statementMap":{"0":{"start":{"line":2,"column":0},"end":{"line":2,"column":38}},"1":{"start":{"line":7,"column":4},"end":{"line":15,"column":null}},"2":{"start":{"line":8,"column":8},"end":{"line":8,"column":60}},"3":{"start":{"line":10,"column":8},"end":{"line":14,"column":null}},"4":{"start":{"line":11,"column":12},"end":{"line":11,"column":32}},"5":{"start":{"line":13,"column":12},"end":{"line":13,"column":60}},"6":{"start":{"line":16,"column":4},"end":{"line":16,"column":45}},"7":{"start":{"line":17,"column":4},"end":{"line":19,"column":null}},"8":{"start":{"line":18,"column":8},"end":{"line":18,"column":72}},"9":{"start":{"line":20,"column":4},"end":{"line":20,"column":23}},"10":{"start":{"line":5,"column":0},"end":{"line":5,"column":16}}},"fnMap":{"0":{"name":"setBorder","decl":{"start":{"line":5,"column":16},"end":{"line":5,"column":25}},"loc":{"start":{"line":5,"column":67},"end":{"line":21,"column":1}}}},"branchMap":{"0":{"loc":{"start":{"line":7,"column":4},"end":{"line":15,"column":null}},"type":"if","locations":[{"start":{"line":7,"column":4},"end":{"line":15,"column":null}},{"start":{"line":9,"column":11},"end":{"line":15,"column":null}}]},"1":{"loc":{"start":{"line":7,"column":8},"end":{"line":7,"column":34}},"type":"cond-expr","locations":[{"start":{"line":7,"column":23},"end":{"line":7,"column":25}},{"start":{"line":7,"column":23},"end":{"line":7,"column":34}}]},"2":{"loc":{"start":{"line":7,"column":8},"end":{"line":7,"column":25}},"type":"binary-expr","locations":[{"start":{"line":7,"column":8},"end":{"line":7,"column":25}},{"start":{"line":7,"column":23},"end":{"line":7,"column":25}}]},"3":{"loc":{"start":{"line":8,"column":22},"end":{"line":8,"column":59}},"type":"cond-expr","locations":[{"start":{"line":8,"column":37},"end":{"line":8,"column":39}},{"start":{"line":8,"column":37},"end":{"line":8,"column":59}}]},"4":{"loc":{"start":{"line":8,"column":22},"end":{"line":8,"column":39}},"type":"binary-expr","locations":[{"start":{"line":8,"column":22},"end":{"line":8,"column":39}},{"start":{"line":8,"column":37},"end":{"line":8,"column":39}}]},"5":{"loc":{"start":{"line":10,"column":8},"end":{"line":14,"column":null}},"type":"if","locations":[{"start":{"line":10,"column":8},"end":{"line":14,"column":null}},{"start":{"line":12,"column":15},"end":{"line":14,"column":null}}]},"6":{"loc":{"start":{"line":10,"column":12},"end":{"line":10,"column":33}},"type":"cond-expr","locations":[{"start":{"line":10,"column":27},"end":{"line":10,"column":29}},{"start":{"line":10,"column":27},"end":{"line":10,"column":33}}]},"7":{"loc":{"start":{"line":10,"column":12},"end":{"line":10,"column":29}},"type":"binary-expr","locations":[{"start":{"line":10,"column":12},"end":{"line":10,"column":29}},{"start":{"line":10,"column":27},"end":{"line":10,"column":29}}]},"8":{"loc":{"start":{"line":13,"column":26},"end":{"line":13,"column":59}},"type":"cond-expr","locations":[{"start":{"line":13,"column":47},"end":{"line":13,"column":49}},{"start":{"line":13,"column":47},"end":{"line":13,"column":59}}]},"9":{"loc":{"start":{"line":13,"column":26},"end":{"line":13,"column":49}},"type":"binary-expr","locations":[{"start":{"line":13,"column":26},"end":{"line":13,"column":49}},{"start":{"line":13,"column":47},"end":{"line":13,"column":49}}]},"10":{"loc":{"start":{"line":13,"column":26},"end":{"line":13,"column":47}},"type":"cond-expr","locations":[{"start":{"line":13,"column":41},"end":{"line":13,"column":43}},{"start":{"line":13,"column":41},"end":{"line":13,"column":47}}]},"11":{"loc":{"start":{"line":13,"column":26},"end":{"line":13,"column":43}},"type":"binary-expr","locations":[{"start":{"line":13,"column":26},"end":{"line":13,"column":43}},{"start":{"line":13,"column":41},"end":{"line":13,"column":43}}]},"12":{"loc":{"start":{"line":17,"column":4},"end":{"line":19,"column":null}},"type":"if","locations":[{"start":{"line":17,"column":4},"end":{"line":19,"column":null}}]},"13":{"loc":{"start":{"line":18,"column":38},"end":{"line":18,"column":70}},"type":"cond-expr","locations":[{"start":{"line":18,"column":59},"end":{"line":18,"column":61}},{"start":{"line":18,"column":59},"end":{"line":18,"column":70}}]},"14":{"loc":{"start":{"line":18,"column":38},"end":{"line":18,"column":61}},"type":"binary-expr","locations":[{"start":{"line":18,"column":38},"end":{"line":18,"column":61}},{"start":{"line":18,"column":59},"end":{"line":18,"column":61}}]}},"s":{"0":4,"1":0,"2":0,"3":0,"4":0,"5":0,"6":0,"7":0,"8":0,"9":0,"10":4},"f":{"0":0},"b":{"0":[0,0],"1":[0,0],"2":[0,0],"3":[0,0],"4":[0,0],"5":[0,0],"6":[0,0],"7":[0,0],"8":[0,0],"9":[0,0],"10":[0,0],"11":[0,0],"12":[0],"13":[0,0],"14":[0,0]}}
}
