TN:
SF:src\GoogleDocsToHTML\Content\Content.tsx
FN:13,(anonymous_1)
FNF:1
FNH:1
FNDA:1,(anonymous_1)
DA:2,1
DA:3,1
DA:4,1
DA:5,1
DA:6,1
DA:13,1
DA:18,1
DA:19,1
DA:20,4
DA:23,4
DA:24,1
DA:30,4
DA:31,2
DA:35,4
DA:36,0
DA:40,4
DA:42,1
DA:43,1
DA:44,1
DA:49,1
LF:20
LH:19
BRDA:19,0,0,0
BRDA:19,0,1,5
BRDA:19,1,0,5
BRDA:19,1,1,5
BRDA:23,2,0,1
BRDA:23,3,0,1
BRDA:23,3,1,3
BRDA:23,4,0,4
BRDA:23,4,1,4
BRDA:23,5,0,1
BRDA:23,5,1,3
BRDA:23,6,0,4
BRDA:23,6,1,4
BRDA:23,7,0,1
BRDA:23,7,1,3
BRDA:23,8,0,4
BRDA:23,8,1,4
BRDA:24,9,0,0
BRDA:24,9,1,1
BRDA:24,10,0,1
BRDA:24,10,1,1
BRDA:30,11,0,2
BRDA:30,12,0,4
BRDA:30,12,1,3
BRDA:30,12,2,3
BRDA:30,13,0,1
BRDA:30,13,1,3
BRDA:30,14,0,4
BRDA:30,14,1,4
BRDA:30,15,0,1
BRDA:30,15,1,3
BRDA:30,16,0,4
BRDA:30,16,1,4
BRDA:30,17,0,1
BRDA:30,17,1,3
BRDA:30,18,0,4
BRDA:30,18,1,4
BRDA:31,19,0,0
BRDA:31,19,1,2
BRDA:31,20,0,2
BRDA:31,20,1,2
BRDA:35,21,0,0
BRDA:40,22,0,1
BRDA:40,23,0,1
BRDA:40,23,1,3
BRDA:40,24,0,4
BRDA:40,24,1,4
BRF:47
BRH:43
end_of_record
TN:
SF:src\GoogleDocsToHTML\Heading\Heading.tsx
FN:11,(anonymous_1)
FN:18,(anonymous_2)
FNF:2
FNH:1
FNDA:1,(anonymous_1)
FNDA:0,(anonymous_2)
DA:3,1
DA:4,1
DA:11,1
DA:14,1
DA:15,1
DA:18,1
DA:19,0
DA:23,1
DA:24,0
DA:29,1
DA:30,0
DA:35,1
DA:36,0
DA:41,1
DA:42,0
DA:47,1
DA:48,0
DA:53,1
LF:18
LH:12
BRDA:14,0,0,1
BRDA:14,0,1,0
BRDA:14,1,0,1
BRDA:14,1,1,1
BRDA:14,2,0,1
BRDA:14,2,1,0
BRDA:14,3,0,1
BRDA:14,3,1,1
BRDA:18,4,0,1
BRDA:18,4,1,0
BRDA:18,5,0,1
BRDA:18,5,1,1
BRDA:18,6,0,1
BRDA:18,6,1,0
BRDA:18,7,0,1
BRDA:18,7,1,1
BRDA:23,8,0,0
BRDA:23,8,1,1
BRDA:29,9,0,0
BRDA:29,9,1,1
BRDA:35,10,0,0
BRDA:35,10,1,1
BRDA:41,11,0,0
BRDA:41,11,1,1
BRDA:47,12,0,0
BRDA:47,12,1,1
BRF:26
BRH:17
end_of_record
TN:
SF:src\GoogleDocsToHTML\Image\Image.tsx
FN:9,(anonymous_1)
FNF:1
FNH:0
FNDA:0,(anonymous_1)
DA:2,1
DA:9,1
DA:16,0
DA:18,0
DA:22,0
DA:23,0
DA:24,0
DA:29,0
LF:8
LH:2
BRDA:16,0,0,0
BRDA:16,0,1,0
BRDA:16,1,0,0
BRDA:16,1,1,0
BRDA:16,2,0,0
BRDA:16,2,1,0
BRDA:16,3,0,0
BRDA:16,3,1,0
BRDA:18,4,0,0
BRDA:18,4,1,0
BRDA:18,5,0,0
BRDA:18,5,1,0
BRDA:22,6,0,0
BRDA:22,7,0,0
BRDA:22,7,1,0
BRDA:23,8,0,0
BRDA:23,8,1,0
BRDA:23,9,0,0
BRDA:23,9,1,0
BRDA:23,10,0,0
BRDA:23,10,1,0
BRDA:23,11,0,0
BRDA:23,11,1,0
BRDA:23,12,0,0
BRDA:23,12,1,0
BRDA:23,13,0,0
BRDA:23,13,1,0
BRF:27
BRH:0
end_of_record
TN:
SF:src\GoogleDocsToHTML\Link\Link.tsx
FN:10,(anonymous_1)
FNF:1
FNH:0
FNDA:0,(anonymous_1)
DA:2,1
DA:3,1
DA:10,1
DA:16,0
DA:17,0
DA:20,0
LF:6
LH:3
BRDA:16,0,0,0
BRDA:16,1,0,0
BRDA:16,1,1,0
BRDA:16,2,0,0
BRDA:16,2,1,0
BRDA:16,3,0,0
BRDA:16,3,1,0
BRDA:16,4,0,0
BRDA:16,4,1,0
BRDA:16,5,0,0
BRDA:16,5,1,0
BRDA:16,6,0,0
BRDA:16,6,1,0
BRDA:17,7,0,0
BRDA:17,7,1,0
BRDA:17,8,0,0
BRDA:17,8,1,0
BRDA:17,9,0,0
BRDA:17,9,1,0
BRDA:17,10,0,0
BRDA:17,10,1,0
BRDA:17,11,0,0
BRDA:17,11,1,0
BRDA:17,12,0,0
BRDA:17,12,1,0
BRF:25
BRH:0
end_of_record
TN:
SF:src\GoogleDocsToHTML\List\List.tsx
FN:6,List
FNF:1
FNH:1
FNDA:3,List
DA:3,2
DA:4,2
DA:6,2
DA:7,3
DA:10,3
DA:14,3
DA:15,3
DA:17,3
DA:18,9
DA:20,9
DA:21,8
DA:26,3
DA:27,3
DA:28,3
DA:29,3
DA:30,3
DA:35,3
DA:36,3
DA:37,1
DA:39,2
DA:42,3
DA:44,3
LF:22
LH:22
BRDA:10,0,0,0
BRDA:10,0,1,3
BRDA:10,1,0,3
BRDA:10,1,1,3
BRDA:15,2,0,0
BRDA:15,2,1,3
BRDA:15,3,0,3
BRDA:15,3,1,3
BRDA:17,4,0,0
BRDA:17,4,1,12
BRDA:17,5,0,12
BRDA:17,5,1,12
BRDA:20,6,0,8
BRDA:20,7,0,1
BRDA:20,7,1,8
BRDA:20,8,0,9
BRDA:20,8,1,9
BRDA:20,9,0,0
BRDA:20,9,1,9
BRDA:20,10,0,9
BRDA:20,10,1,9
BRDA:26,11,0,0
BRDA:26,11,1,3
BRDA:26,12,0,3
BRDA:26,12,1,3
BRDA:29,13,0,3
BRDA:29,14,0,3
BRDA:29,14,1,3
BRDA:30,15,0,0
BRDA:30,15,1,3
BRDA:30,16,0,3
BRDA:30,16,1,3
BRDA:36,17,0,1
BRDA:36,17,1,2
BRF:34
BRH:28
end_of_record
TN:
SF:src\GoogleDocsToHTML\List\ListTestComponent.tsx
FN:10,(anonymous_1)
FNF:1
FNH:1
FNDA:2,(anonymous_1)
DA:2,1
DA:3,1
DA:10,1
DA:15,2
DA:16,2
DA:17,2
LF:6
LH:6
BRF:0
BRH:0
end_of_record
TN:
SF:src\GoogleDocsToHTML\Paragraph\Paragraph.tsx
FN:13,(anonymous_1)
FN:20,(anonymous_2)
FNF:2
FNH:2
FNDA:2,(anonymous_1)
FNDA:2,(anonymous_2)
DA:1,1
DA:3,1
DA:4,1
DA:5,1
DA:13,1
DA:18,2
DA:19,2
DA:20,2
DA:21,2
DA:22,0
DA:26,2
DA:27,0
DA:31,2
DA:32,2
DA:37,2
LF:15
LH:13
BRDA:19,0,0,0
BRDA:19,0,1,2
BRDA:19,1,0,2
BRDA:19,1,1,2
BRDA:20,2,0,0
BRDA:20,2,1,2
BRDA:20,3,0,2
BRDA:20,3,1,2
BRDA:21,4,0,0
BRDA:22,5,0,0
BRDA:22,5,1,0
BRDA:22,6,0,0
BRDA:22,6,1,0
BRDA:26,7,0,0
BRDA:26,8,0,0
BRDA:26,8,1,2
BRDA:26,9,0,2
BRDA:26,9,1,2
BRDA:26,10,0,0
BRDA:26,10,1,2
BRDA:26,11,0,2
BRDA:26,11,1,2
BRDA:31,12,0,2
BRDA:31,13,0,2
BRDA:31,13,1,2
BRDA:31,14,0,0
BRDA:31,14,1,2
BRDA:31,15,0,2
BRDA:31,15,1,2
BRDA:31,16,0,0
BRDA:31,16,1,2
BRDA:31,17,0,2
BRDA:31,17,1,2
BRDA:32,18,0,0
BRDA:32,18,1,2
BRDA:32,19,0,2
BRDA:32,19,1,2
BRF:37
BRH:24
end_of_record
TN:
SF:src\GoogleDocsToHTML\Table\Table.tsx
FN:12,(anonymous_1)
FN:41,(anonymous_2)
FN:42,(anonymous_3)
FN:43,(anonymous_4)
FN:44,(anonymous_5)
FN:93,(anonymous_6)
FN:94,(anonymous_7)
FNF:7
FNH:0
FNDA:0,(anonymous_1)
FNDA:0,(anonymous_2)
FNDA:0,(anonymous_3)
FNDA:0,(anonymous_4)
FNDA:0,(anonymous_5)
FNDA:0,(anonymous_6)
FNDA:0,(anonymous_7)
DA:2,1
DA:3,1
DA:4,1
DA:12,1
DA:16,0
DA:17,0
DA:19,0
DA:22,0
DA:23,0
DA:24,0
DA:25,0
DA:26,0
DA:27,0
DA:29,0
DA:31,0
DA:33,0
DA:36,0
DA:40,0
DA:41,0
DA:42,0
DA:43,0
DA:44,0
DA:45,0
DA:47,0
DA:50,0
DA:51,0
DA:52,0
DA:59,0
DA:60,0
DA:62,0
DA:64,0
DA:69,0
DA:70,0
DA:74,0
DA:75,0
DA:79,0
DA:80,0
DA:84,0
DA:85,0
DA:89,0
DA:92,0
DA:93,0
DA:94,0
DA:95,0
DA:101,0
DA:103,0
DA:108,0
DA:109,0
DA:114,0
LF:49
LH:4
BRDA:16,0,0,0
BRDA:16,0,1,0
BRDA:16,1,0,0
BRDA:16,1,1,0
BRDA:17,2,0,0
BRDA:17,2,1,0
BRDA:17,3,0,0
BRDA:17,3,1,0
BRDA:40,4,0,0
BRDA:40,5,0,0
BRDA:40,5,1,0
BRDA:40,5,2,0
BRDA:40,6,0,0
BRDA:40,6,1,0
BRDA:40,7,0,0
BRDA:40,7,1,0
BRDA:42,8,0,0
BRDA:42,8,1,0
BRDA:42,9,0,0
BRDA:42,9,1,0
BRDA:43,10,0,0
BRDA:43,10,1,0
BRDA:43,11,0,0
BRDA:43,11,1,0
BRDA:44,12,0,0
BRDA:44,12,1,0
BRDA:44,13,0,0
BRDA:44,13,1,0
BRDA:44,14,0,0
BRDA:44,14,1,0
BRDA:44,15,0,0
BRDA:44,15,1,0
BRDA:45,16,0,0
BRDA:45,17,0,0
BRDA:45,17,1,0
BRDA:45,18,0,0
BRDA:45,18,1,0
BRDA:50,19,0,0
BRDA:50,20,0,0
BRDA:50,20,1,0
BRDA:50,21,0,0
BRDA:50,21,1,0
BRDA:50,22,0,0
BRDA:50,22,1,0
BRDA:51,23,0,0
BRDA:51,23,1,0
BRDA:51,24,0,0
BRDA:51,24,1,0
BRDA:59,25,0,0
BRDA:59,26,0,0
BRDA:59,26,1,0
BRDA:59,27,0,0
BRDA:59,27,1,0
BRDA:59,28,0,0
BRDA:59,28,1,0
BRDA:59,29,0,0
BRDA:59,29,1,0
BRDA:60,30,0,0
BRDA:60,30,1,0
BRDA:60,31,0,0
BRDA:60,31,1,0
BRDA:60,32,0,0
BRDA:60,32,1,0
BRDA:60,33,0,0
BRDA:60,33,1,0
BRDA:60,34,0,0
BRDA:60,34,1,0
BRDA:60,35,0,0
BRDA:60,35,1,0
BRDA:69,36,0,0
BRDA:69,37,0,0
BRDA:69,37,1,0
BRDA:69,38,0,0
BRDA:69,38,1,0
BRDA:70,39,0,0
BRDA:70,39,1,0
BRDA:70,40,0,0
BRDA:70,40,1,0
BRDA:74,41,0,0
BRDA:74,42,0,0
BRDA:74,42,1,0
BRDA:74,43,0,0
BRDA:74,43,1,0
BRDA:75,44,0,0
BRDA:75,44,1,0
BRDA:75,45,0,0
BRDA:75,45,1,0
BRDA:79,46,0,0
BRDA:79,47,0,0
BRDA:79,47,1,0
BRDA:79,48,0,0
BRDA:79,48,1,0
BRDA:80,49,0,0
BRDA:80,49,1,0
BRDA:80,50,0,0
BRDA:80,50,1,0
BRDA:84,51,0,0
BRDA:84,52,0,0
BRDA:84,52,1,0
BRDA:84,53,0,0
BRDA:84,53,1,0
BRDA:85,54,0,0
BRDA:85,54,1,0
BRDA:85,55,0,0
BRDA:85,55,1,0
BRF:105
BRH:0
end_of_record
TN:
SF:src\GoogleDocsToHTML\TextRun\TextRun.tsx
FN:11,(anonymous_1)
FN:23,(anonymous_2)
FNF:2
FNH:2
FNDA:10,(anonymous_1)
FNDA:10,(anonymous_2)
DA:3,2
DA:4,2
DA:11,2
DA:15,10
DA:17,10
DA:18,10
DA:22,10
DA:23,10
DA:24,10
DA:28,10
DA:30,10
DA:32,10
DA:33,0
DA:36,10
DA:37,0
DA:40,10
DA:41,0
DA:44,10
DA:45,4
DA:50,10
DA:51,0
DA:52,0
DA:53,0
DA:54,0
DA:57,10
DA:58,0
DA:63,10
DA:64,10
DA:65,10
DA:66,10
DA:67,10
DA:69,0
DA:73,10
LF:33
LH:24
BRDA:17,0,0,10
BRDA:17,1,0,0
BRDA:17,1,1,10
BRDA:17,2,0,10
BRDA:17,2,1,10
BRDA:17,3,0,0
BRDA:17,3,1,10
BRDA:17,4,0,10
BRDA:17,4,1,10
BRDA:18,5,0,0
BRDA:18,5,1,10
BRDA:18,6,0,10
BRDA:18,6,1,10
BRDA:18,7,0,0
BRDA:18,7,1,10
BRDA:18,8,0,10
BRDA:18,8,1,10
BRDA:28,9,0,0
BRDA:28,9,1,10
BRDA:28,10,0,10
BRDA:28,10,1,10
BRDA:28,11,0,0
BRDA:28,11,1,10
BRDA:28,12,0,10
BRDA:28,12,1,10
BRDA:32,13,0,0
BRDA:32,14,0,0
BRDA:32,14,1,10
BRDA:32,15,0,10
BRDA:32,15,1,10
BRDA:36,16,0,0
BRDA:36,17,0,0
BRDA:36,17,1,10
BRDA:36,18,0,10
BRDA:36,18,1,10
BRDA:40,19,0,0
BRDA:40,20,0,0
BRDA:40,20,1,10
BRDA:40,21,0,10
BRDA:40,21,1,10
BRDA:44,22,0,4
BRDA:44,23,0,6
BRDA:44,23,1,4
BRDA:44,24,0,10
BRDA:44,24,1,10
BRDA:44,25,0,0
BRDA:44,25,1,10
BRDA:44,26,0,10
BRDA:44,26,1,10
BRDA:45,27,0,0
BRDA:45,27,1,4
BRDA:45,28,0,4
BRDA:45,28,1,4
BRDA:45,29,0,0
BRDA:45,29,1,4
BRDA:45,30,0,4
BRDA:45,30,1,4
BRDA:50,31,0,0
BRDA:50,32,0,10
BRDA:50,32,1,0
BRDA:50,33,0,10
BRDA:50,33,1,10
BRDA:50,34,0,0
BRDA:50,34,1,10
BRDA:50,35,0,10
BRDA:50,35,1,10
BRDA:51,36,0,0
BRDA:51,36,1,0
BRDA:51,37,0,0
BRDA:51,37,1,0
BRDA:51,38,0,0
BRDA:51,38,1,0
BRDA:51,39,0,0
BRDA:51,39,1,0
BRDA:52,40,0,0
BRDA:52,40,1,0
BRDA:52,41,0,0
BRDA:52,41,1,0
BRDA:52,42,0,0
BRDA:52,42,1,0
BRDA:52,43,0,0
BRDA:52,43,1,0
BRDA:57,44,0,0
BRDA:57,45,0,10
BRDA:57,45,1,0
BRDA:57,46,0,10
BRDA:57,46,1,10
BRDA:57,47,0,0
BRDA:57,47,1,10
BRDA:57,48,0,10
BRDA:57,48,1,10
BRDA:58,49,0,0
BRDA:58,49,1,0
BRDA:58,50,0,0
BRDA:58,50,1,0
BRDA:58,51,0,0
BRDA:58,51,1,0
BRDA:58,52,0,0
BRDA:58,52,1,0
BRDA:63,53,0,10
BRDA:63,54,0,0
BRDA:63,54,1,10
BRDA:63,55,0,10
BRDA:63,55,1,10
BRDA:66,56,0,10
BRDA:66,56,1,0
BRF:106
BRH:59
end_of_record
TN:
SF:src\Helper\getColor\getColor.tsx
FN:4,getColor
FNF:1
FNH:1
FNDA:4,getColor
DA:4,2
DA:6,4
DA:7,4
DA:8,4
DA:9,4
LF:5
LH:5
BRDA:6,0,0,4
BRDA:6,0,1,0
BRDA:6,1,0,0
BRDA:6,1,1,4
BRDA:6,2,0,4
BRDA:6,2,1,4
BRDA:7,3,0,4
BRDA:7,3,1,0
BRDA:7,4,0,0
BRDA:7,4,1,4
BRDA:7,5,0,4
BRDA:7,5,1,4
BRDA:8,6,0,4
BRDA:8,6,1,0
BRDA:8,7,0,0
BRDA:8,7,1,4
BRDA:8,8,0,4
BRDA:8,8,1,4
BRF:18
BRH:12
end_of_record
TN:
SF:src\Helper\getListType\getListType.tsx
FN:3,getListType
FN:11,(anonymous_1)
FNF:2
FNH:2
FNDA:3,getListType
FNDA:27,(anonymous_1)
DA:3,2
DA:5,3
DA:6,3
DA:7,3
DA:9,3
DA:11,3
DA:12,27
DA:13,27
DA:17,3
LF:9
LH:9
BRDA:9,0,0,3
BRDA:9,1,0,3
BRDA:9,1,1,3
BRDA:11,2,0,0
BRDA:11,2,1,3
BRDA:11,3,0,3
BRDA:11,3,1,3
BRDA:12,4,0,0
BRDA:12,4,1,27
BRDA:12,5,0,27
BRDA:12,5,1,27
BRDA:13,6,0,0
BRDA:13,6,1,27
BRDA:13,7,0,27
BRDA:13,7,1,27
BRF:15
BRH:12
end_of_record
TN:
SF:src\Helper\renderList\renderList.tsx
FN:5,renderList
FNF:1
FNH:1
FNDA:3,renderList
DA:2,2
DA:3,2
DA:5,2
DA:8,3
DA:15,3
DA:16,8
DA:17,8
DA:19,0
DA:24,8
DA:25,8
DA:26,8
DA:34,8
DA:35,0
DA:36,0
DA:37,0
DA:43,0
DA:52,8
DA:53,0
DA:54,0
DA:55,0
DA:56,0
DA:58,0
DA:59,0
DA:60,0
DA:64,3
DA:65,3
DA:66,1
DA:72,2
LF:28
LH:16
BRDA:16,0,0,8
BRDA:16,0,1,0
BRDA:16,1,0,0
BRDA:16,1,1,8
BRDA:16,2,0,8
BRDA:16,2,1,8
BRDA:19,3,0,0
BRDA:19,3,1,0
BRDA:19,4,0,0
BRDA:19,4,1,0
BRDA:24,5,0,8
BRDA:34,6,0,0
BRDA:34,6,1,8
BRDA:36,7,0,0
BRDA:36,7,1,0
BRDA:52,8,0,0
BRDA:53,9,0,0
BRDA:53,9,1,0
BRDA:55,10,0,0
BRDA:65,11,0,1
BRDA:65,11,1,2
BRF:21
BRH:8
end_of_record
TN:
SF:src\Helper\setBorder\setBorder.tsx
FN:5,setBorder
FNF:1
FNH:0
FNDA:0,setBorder
DA:2,1
DA:5,1
DA:7,0
DA:8,0
DA:10,0
DA:11,0
DA:13,0
DA:16,0
DA:17,0
DA:18,0
DA:20,0
LF:11
LH:2
BRDA:7,0,0,0
BRDA:7,0,1,0
BRDA:7,1,0,0
BRDA:7,1,1,0
BRDA:7,2,0,0
BRDA:7,2,1,0
BRDA:8,3,0,0
BRDA:8,3,1,0
BRDA:8,4,0,0
BRDA:8,4,1,0
BRDA:10,5,0,0
BRDA:10,5,1,0
BRDA:10,6,0,0
BRDA:10,6,1,0
BRDA:10,7,0,0
BRDA:10,7,1,0
BRDA:13,8,0,0
BRDA:13,8,1,0
BRDA:13,9,0,0
BRDA:13,9,1,0
BRDA:13,10,0,0
BRDA:13,10,1,0
BRDA:13,11,0,0
BRDA:13,11,1,0
BRDA:17,12,0,0
BRDA:18,13,0,0
BRDA:18,13,1,0
BRDA:18,14,0,0
BRDA:18,14,1,0
BRF:29
BRH:0
end_of_record
