TN:
SF:src\GoogleDocsToHTML\Content\Content.tsx
FN:13,(anonymous_1)
FNF:1
FNH:1
FNDA:19,(anonymous_1)
DA:2,5
DA:3,5
DA:4,5
DA:5,5
DA:6,5
DA:13,5
DA:18,19
DA:19,19
DA:20,28
DA:23,28
DA:24,6
DA:30,28
DA:31,21
DA:35,28
DA:36,1
DA:40,28
DA:42,1
DA:43,1
DA:44,1
DA:49,19
LF:20
LH:20
BRDA:19,0,0,0
BRDA:19,0,1,47
BRDA:19,1,0,47
BRDA:19,1,1,47
BRDA:23,2,0,6
BRDA:23,3,0,5
BRDA:23,3,1,23
BRDA:23,4,0,28
BRDA:23,4,1,28
BRDA:23,5,0,5
BRDA:23,5,1,23
BRDA:23,6,0,28
BRDA:23,6,1,28
BRDA:23,7,0,5
BRDA:23,7,1,23
BRDA:23,8,0,28
BRDA:23,8,1,28
BRDA:24,9,0,0
BRDA:24,9,1,6
BRDA:24,10,0,6
BRDA:24,10,1,6
BRDA:30,11,0,21
BRDA:30,12,0,28
BRDA:30,12,1,22
BRDA:30,12,2,22
BRDA:30,13,0,5
BRDA:30,13,1,23
BRDA:30,14,0,28
BRDA:30,14,1,28
BRDA:30,15,0,5
BRDA:30,15,1,23
BRDA:30,16,0,28
BRDA:30,16,1,28
BRDA:30,17,0,5
BRDA:30,17,1,23
BRDA:30,18,0,28
BRDA:30,18,1,28
BRDA:31,19,0,0
BRDA:31,19,1,21
BRDA:31,20,0,21
BRDA:31,20,1,21
BRDA:35,21,0,1
BRDA:40,22,0,1
BRDA:40,23,0,5
BRDA:40,23,1,23
BRDA:40,24,0,28
BRDA:40,24,1,28
BRF:47
BRH:44
end_of_record
TN:
SF:src\GoogleDocsToHTML\Heading\Heading.tsx
FN:11,(anonymous_1)
FN:18,(anonymous_2)
FNF:2
FNH:2
FNDA:12,(anonymous_1)
FNDA:8,(anonymous_2)
DA:3,11
DA:4,11
DA:11,11
DA:14,12
DA:15,12
DA:18,12
DA:19,8
DA:23,12
DA:24,1
DA:29,11
DA:30,2
DA:35,9
DA:36,1
DA:41,8
DA:42,1
DA:47,7
DA:48,1
DA:53,6
LF:18
LH:18
BRDA:14,0,0,5
BRDA:14,0,1,7
BRDA:14,1,0,12
BRDA:14,1,1,12
BRDA:14,2,0,5
BRDA:14,2,1,7
BRDA:14,3,0,12
BRDA:14,3,1,12
BRDA:18,4,0,5
BRDA:18,4,1,7
BRDA:18,5,0,12
BRDA:18,5,1,12
BRDA:18,6,0,5
BRDA:18,6,1,7
BRDA:18,7,0,12
BRDA:18,7,1,12
BRDA:23,8,0,1
BRDA:23,8,1,11
BRDA:29,9,0,2
BRDA:29,9,1,9
BRDA:35,10,0,1
BRDA:35,10,1,8
BRDA:41,11,0,1
BRDA:41,11,1,7
BRDA:47,12,0,1
BRDA:47,12,1,6
BRF:26
BRH:26
end_of_record
TN:
SF:src\GoogleDocsToHTML\Image\Image.tsx
FN:9,(anonymous_1)
FNF:1
FNH:1
FNDA:2,(anonymous_1)
DA:2,7
DA:9,7
DA:16,2
DA:18,2
DA:22,2
DA:23,2
DA:24,2
DA:29,0
LF:8
LH:7
BRDA:16,0,0,0
BRDA:16,0,1,2
BRDA:16,1,0,2
BRDA:16,1,1,2
BRDA:16,2,0,0
BRDA:16,2,1,2
BRDA:16,3,0,2
BRDA:16,3,1,2
BRDA:18,4,0,0
BRDA:18,4,1,2
BRDA:18,5,0,2
BRDA:18,5,1,2
BRDA:22,6,0,2
BRDA:22,7,0,2
BRDA:22,7,1,2
BRDA:23,8,0,0
BRDA:23,8,1,2
BRDA:23,9,0,2
BRDA:23,9,1,2
BRDA:23,10,0,0
BRDA:23,10,1,2
BRDA:23,11,0,2
BRDA:23,11,1,2
BRDA:23,12,0,0
BRDA:23,12,1,2
BRDA:23,13,0,2
BRDA:23,13,1,2
BRF:27
BRH:21
end_of_record
TN:
SF:src\GoogleDocsToHTML\Link\Link.tsx
FN:10,(anonymous_1)
FNF:1
FNH:1
FNDA:2,(anonymous_1)
DA:2,7
DA:3,7
DA:10,7
DA:16,2
DA:17,2
DA:20,2
LF:6
LH:6
BRDA:16,0,0,2
BRDA:16,1,0,0
BRDA:16,1,1,2
BRDA:16,2,0,2
BRDA:16,2,1,2
BRDA:16,3,0,0
BRDA:16,3,1,2
BRDA:16,4,0,2
BRDA:16,4,1,2
BRDA:16,5,0,0
BRDA:16,5,1,2
BRDA:16,6,0,2
BRDA:16,6,1,2
BRDA:17,7,0,0
BRDA:17,7,1,2
BRDA:17,8,0,2
BRDA:17,8,1,2
BRDA:17,9,0,0
BRDA:17,9,1,2
BRDA:17,10,0,2
BRDA:17,10,1,2
BRDA:17,11,0,0
BRDA:17,11,1,2
BRDA:17,12,0,2
BRDA:17,12,1,2
BRF:25
BRH:19
end_of_record
TN:
SF:src\GoogleDocsToHTML\List\List.tsx
FN:6,List
FNF:1
FNH:1
FNDA:3,List
DA:3,6
DA:4,6
DA:6,6
DA:7,3
DA:10,3
DA:14,3
DA:15,3
DA:17,3
DA:18,9
DA:20,9
DA:21,8
DA:26,3
DA:27,3
DA:28,3
DA:29,3
DA:30,3
DA:35,3
DA:36,3
DA:37,1
DA:39,2
DA:42,3
DA:44,3
LF:22
LH:22
BRDA:10,0,0,0
BRDA:10,0,1,3
BRDA:10,1,0,3
BRDA:10,1,1,3
BRDA:15,2,0,0
BRDA:15,2,1,3
BRDA:15,3,0,3
BRDA:15,3,1,3
BRDA:17,4,0,0
BRDA:17,4,1,12
BRDA:17,5,0,12
BRDA:17,5,1,12
BRDA:20,6,0,8
BRDA:20,7,0,1
BRDA:20,7,1,8
BRDA:20,8,0,9
BRDA:20,8,1,9
BRDA:20,9,0,0
BRDA:20,9,1,9
BRDA:20,10,0,9
BRDA:20,10,1,9
BRDA:26,11,0,0
BRDA:26,11,1,3
BRDA:26,12,0,3
BRDA:26,12,1,3
BRDA:29,13,0,3
BRDA:29,14,0,3
BRDA:29,14,1,3
BRDA:30,15,0,0
BRDA:30,15,1,3
BRDA:30,16,0,3
BRDA:30,16,1,3
BRDA:36,17,0,1
BRDA:36,17,1,2
BRF:34
BRH:28
end_of_record
TN:
SF:src\GoogleDocsToHTML\List\ListTestComponent.tsx
FN:10,(anonymous_1)
FNF:1
FNH:1
FNDA:2,(anonymous_1)
DA:2,1
DA:3,1
DA:10,1
DA:15,2
DA:16,2
DA:17,2
LF:6
LH:6
BRF:0
BRH:0
end_of_record
TN:
SF:src\GoogleDocsToHTML\Paragraph\Paragraph.tsx
FN:13,(anonymous_1)
FN:20,(anonymous_2)
FNF:2
FNH:2
FNDA:24,(anonymous_1)
FNDA:28,(anonymous_2)
DA:1,6
DA:3,6
DA:4,6
DA:5,6
DA:13,6
DA:18,24
DA:19,24
DA:20,24
DA:21,28
DA:22,1
DA:26,28
DA:27,1
DA:31,28
DA:32,26
DA:37,24
LF:15
LH:15
BRDA:19,0,0,0
BRDA:19,0,1,24
BRDA:19,1,0,24
BRDA:19,1,1,24
BRDA:20,2,0,0
BRDA:20,2,1,24
BRDA:20,3,0,24
BRDA:20,3,1,24
BRDA:21,4,0,1
BRDA:22,5,0,0
BRDA:22,5,1,1
BRDA:22,6,0,1
BRDA:22,6,1,1
BRDA:26,7,0,1
BRDA:26,8,0,1
BRDA:26,8,1,27
BRDA:26,9,0,28
BRDA:26,9,1,28
BRDA:26,10,0,1
BRDA:26,10,1,27
BRDA:26,11,0,28
BRDA:26,11,1,28
BRDA:31,12,0,26
BRDA:31,13,0,28
BRDA:31,13,1,27
BRDA:31,14,0,0
BRDA:31,14,1,27
BRDA:31,15,0,27
BRDA:31,15,1,27
BRDA:31,16,0,0
BRDA:31,16,1,27
BRDA:31,17,0,27
BRDA:31,17,1,27
BRDA:32,18,0,0
BRDA:32,18,1,26
BRDA:32,19,0,26
BRDA:32,19,1,26
BRF:37
BRH:31
end_of_record
TN:
SF:src\GoogleDocsToHTML\Table\Table.tsx
FN:12,(anonymous_1)
FN:41,(anonymous_2)
FN:42,(anonymous_3)
FN:43,(anonymous_4)
FN:44,(anonymous_5)
FN:93,(anonymous_6)
FN:94,(anonymous_7)
FNF:7
FNH:7
FNDA:5,(anonymous_1)
FNDA:9,(anonymous_2)
FNDA:15,(anonymous_3)
FNDA:15,(anonymous_4)
FNDA:15,(anonymous_5)
FNDA:9,(anonymous_6)
FNDA:15,(anonymous_7)
DA:2,5
DA:3,5
DA:4,5
DA:12,5
DA:16,5
DA:17,5
DA:19,5
DA:22,5
DA:23,5
DA:24,5
DA:25,9
DA:26,9
DA:27,9
DA:29,5
DA:31,5
DA:33,5
DA:36,5
DA:40,5
DA:41,5
DA:42,9
DA:43,15
DA:44,15
DA:45,15
DA:47,15
DA:50,15
DA:51,15
DA:52,15
DA:59,15
DA:60,15
DA:62,15
DA:64,9
DA:69,5
DA:70,4
DA:74,5
DA:75,4
DA:79,5
DA:80,4
DA:84,5
DA:85,4
DA:89,5
DA:92,5
DA:93,5
DA:94,9
DA:95,15
DA:101,15
DA:103,9
DA:108,9
DA:109,9
DA:114,5
LF:49
LH:49
BRDA:16,0,0,0
BRDA:16,0,1,5
BRDA:16,1,0,5
BRDA:16,1,1,5
BRDA:17,2,0,0
BRDA:17,2,1,5
BRDA:17,3,0,5
BRDA:17,3,1,5
BRDA:40,4,0,5
BRDA:40,5,0,5
BRDA:40,5,1,5
BRDA:40,5,2,5
BRDA:40,6,0,0
BRDA:40,6,1,5
BRDA:40,7,0,5
BRDA:40,7,1,5
BRDA:42,8,0,0
BRDA:42,8,1,9
BRDA:42,9,0,9
BRDA:42,9,1,9
BRDA:43,10,0,0
BRDA:43,10,1,15
BRDA:43,11,0,15
BRDA:43,11,1,15
BRDA:44,12,0,0
BRDA:44,12,1,15
BRDA:44,13,0,15
BRDA:44,13,1,15
BRDA:44,14,0,0
BRDA:44,14,1,15
BRDA:44,15,0,15
BRDA:44,15,1,15
BRDA:45,16,0,15
BRDA:45,17,0,0
BRDA:45,17,1,15
BRDA:45,18,0,15
BRDA:45,18,1,15
BRDA:50,19,0,15
BRDA:50,20,0,15
BRDA:50,20,1,15
BRDA:50,21,0,0
BRDA:50,21,1,15
BRDA:50,22,0,15
BRDA:50,22,1,15
BRDA:51,23,0,0
BRDA:51,23,1,15
BRDA:51,24,0,15
BRDA:51,24,1,15
BRDA:59,25,0,15
BRDA:59,26,0,0
BRDA:59,26,1,15
BRDA:59,27,0,15
BRDA:59,27,1,15
BRDA:59,28,0,0
BRDA:59,28,1,15
BRDA:59,29,0,15
BRDA:59,29,1,15
BRDA:60,30,0,0
BRDA:60,30,1,15
BRDA:60,31,0,15
BRDA:60,31,1,15
BRDA:60,32,0,0
BRDA:60,32,1,15
BRDA:60,33,0,15
BRDA:60,33,1,15
BRDA:60,34,0,0
BRDA:60,34,1,15
BRDA:60,35,0,15
BRDA:60,35,1,15
BRDA:69,36,0,4
BRDA:69,37,0,0
BRDA:69,37,1,5
BRDA:69,38,0,5
BRDA:69,38,1,5
BRDA:70,39,0,0
BRDA:70,39,1,4
BRDA:70,40,0,4
BRDA:70,40,1,4
BRDA:74,41,0,4
BRDA:74,42,0,0
BRDA:74,42,1,5
BRDA:74,43,0,5
BRDA:74,43,1,5
BRDA:75,44,0,0
BRDA:75,44,1,4
BRDA:75,45,0,4
BRDA:75,45,1,4
BRDA:79,46,0,4
BRDA:79,47,0,0
BRDA:79,47,1,5
BRDA:79,48,0,5
BRDA:79,48,1,5
BRDA:80,49,0,0
BRDA:80,49,1,4
BRDA:80,50,0,4
BRDA:80,50,1,4
BRDA:84,51,0,4
BRDA:84,52,0,0
BRDA:84,52,1,5
BRDA:84,53,0,5
BRDA:84,53,1,5
BRDA:85,54,0,0
BRDA:85,54,1,4
BRDA:85,55,0,4
BRDA:85,55,1,4
BRF:105
BRH:82
end_of_record
TN:
SF:src\GoogleDocsToHTML\TextRun\TextRun.tsx
FN:11,(anonymous_1)
FN:23,(anonymous_2)
FNF:2
FNH:2
FNDA:68,(anonymous_1)
FNDA:68,(anonymous_2)
DA:3,23
DA:4,23
DA:11,23
DA:15,68
DA:17,68
DA:18,68
DA:22,68
DA:23,68
DA:24,68
DA:28,68
DA:30,68
DA:32,68
DA:33,1
DA:36,68
DA:37,1
DA:40,68
DA:41,3
DA:44,68
DA:45,19
DA:50,68
DA:51,1
DA:52,1
DA:53,1
DA:54,1
DA:57,68
DA:58,1
DA:63,68
DA:64,52
DA:65,52
DA:66,52
DA:67,52
DA:69,0
DA:73,68
LF:33
LH:32
BRDA:17,0,0,68
BRDA:17,1,0,0
BRDA:17,1,1,68
BRDA:17,2,0,68
BRDA:17,2,1,68
BRDA:17,3,0,0
BRDA:17,3,1,68
BRDA:17,4,0,68
BRDA:17,4,1,68
BRDA:18,5,0,0
BRDA:18,5,1,68
BRDA:18,6,0,68
BRDA:18,6,1,68
BRDA:18,7,0,0
BRDA:18,7,1,68
BRDA:18,8,0,68
BRDA:18,8,1,68
BRDA:28,9,0,0
BRDA:28,9,1,68
BRDA:28,10,0,68
BRDA:28,10,1,68
BRDA:28,11,0,0
BRDA:28,11,1,68
BRDA:28,12,0,68
BRDA:28,12,1,68
BRDA:32,13,0,1
BRDA:32,14,0,0
BRDA:32,14,1,68
BRDA:32,15,0,68
BRDA:32,15,1,68
BRDA:36,16,0,1
BRDA:36,17,0,0
BRDA:36,17,1,68
BRDA:36,18,0,68
BRDA:36,18,1,68
BRDA:40,19,0,3
BRDA:40,20,0,0
BRDA:40,20,1,68
BRDA:40,21,0,68
BRDA:40,21,1,68
BRDA:44,22,0,19
BRDA:44,23,0,49
BRDA:44,23,1,19
BRDA:44,24,0,68
BRDA:44,24,1,68
BRDA:44,25,0,0
BRDA:44,25,1,68
BRDA:44,26,0,68
BRDA:44,26,1,68
BRDA:45,27,0,0
BRDA:45,27,1,19
BRDA:45,28,0,19
BRDA:45,28,1,19
BRDA:45,29,0,0
BRDA:45,29,1,19
BRDA:45,30,0,19
BRDA:45,30,1,19
BRDA:50,31,0,1
BRDA:50,32,0,67
BRDA:50,32,1,1
BRDA:50,33,0,68
BRDA:50,33,1,68
BRDA:50,34,0,0
BRDA:50,34,1,68
BRDA:50,35,0,68
BRDA:50,35,1,68
BRDA:51,36,0,0
BRDA:51,36,1,1
BRDA:51,37,0,1
BRDA:51,37,1,1
BRDA:51,38,0,0
BRDA:51,38,1,1
BRDA:51,39,0,1
BRDA:51,39,1,1
BRDA:52,40,0,0
BRDA:52,40,1,1
BRDA:52,41,0,1
BRDA:52,41,1,1
BRDA:52,42,0,0
BRDA:52,42,1,1
BRDA:52,43,0,1
BRDA:52,43,1,1
BRDA:57,44,0,1
BRDA:57,45,0,67
BRDA:57,45,1,1
BRDA:57,46,0,68
BRDA:57,46,1,68
BRDA:57,47,0,0
BRDA:57,47,1,68
BRDA:57,48,0,68
BRDA:57,48,1,68
BRDA:58,49,0,0
BRDA:58,49,1,1
BRDA:58,50,0,1
BRDA:58,50,1,1
BRDA:58,51,0,0
BRDA:58,51,1,1
BRDA:58,52,0,1
BRDA:58,52,1,1
BRDA:63,53,0,52
BRDA:63,54,0,0
BRDA:63,54,1,68
BRDA:63,55,0,68
BRDA:63,55,1,68
BRDA:66,56,0,52
BRDA:66,56,1,0
BRF:106
BRH:84
end_of_record
TN:
SF:src\Helper\getColor\getColor.tsx
FN:4,getColor
FNF:1
FNH:1
FNDA:40,getColor
DA:4,25
DA:6,40
DA:7,40
DA:8,40
DA:9,40
LF:5
LH:5
BRDA:6,0,0,40
BRDA:6,0,1,19
BRDA:6,1,0,16
BRDA:6,1,1,24
BRDA:6,2,0,40
BRDA:6,2,1,40
BRDA:7,3,0,40
BRDA:7,3,1,21
BRDA:7,4,0,16
BRDA:7,4,1,24
BRDA:7,5,0,40
BRDA:7,5,1,40
BRDA:8,6,0,40
BRDA:8,6,1,20
BRDA:8,7,0,16
BRDA:8,7,1,24
BRDA:8,8,0,40
BRDA:8,8,1,40
BRF:18
BRH:18
end_of_record
TN:
SF:src\Helper\getListType\getListType.tsx
FN:3,getListType
FN:11,(anonymous_1)
FNF:2
FNH:2
FNDA:5,getListType
FNDA:33,(anonymous_1)
DA:3,8
DA:5,5
DA:6,5
DA:7,5
DA:9,5
DA:11,5
DA:12,33
DA:13,33
DA:17,5
LF:9
LH:9
BRDA:9,0,0,5
BRDA:9,1,0,5
BRDA:9,1,1,5
BRDA:11,2,0,0
BRDA:11,2,1,5
BRDA:11,3,0,5
BRDA:11,3,1,5
BRDA:12,4,0,0
BRDA:12,4,1,33
BRDA:12,5,0,33
BRDA:12,5,1,33
BRDA:13,6,0,0
BRDA:13,6,1,33
BRDA:13,7,0,33
BRDA:13,7,1,33
BRF:15
BRH:12
end_of_record
TN:
SF:src\Helper\renderList\RenderListTest.tsx
FN:13,(anonymous_1)
FNF:1
FNH:1
FNDA:5,(anonymous_1)
DA:2,1
DA:3,1
DA:13,1
DA:21,5
DA:22,5
DA:23,5
LF:6
LH:6
BRF:0
BRH:0
end_of_record
TN:
SF:src\Helper\renderList\renderList.tsx
FN:5,renderList
FNF:1
FNH:1
FNDA:11,renderList
DA:2,7
DA:3,7
DA:5,7
DA:8,11
DA:15,11
DA:16,30
DA:17,20
DA:19,10
DA:24,30
DA:25,24
DA:26,24
DA:34,30
DA:35,3
DA:36,3
DA:37,3
DA:43,0
DA:52,27
DA:53,3
DA:54,3
DA:55,0
DA:56,0
DA:58,3
DA:59,3
DA:60,3
DA:64,8
DA:65,8
DA:66,4
DA:72,4
LF:28
LH:25
BRDA:16,0,0,20
BRDA:16,0,1,10
BRDA:16,1,0,0
BRDA:16,1,1,30
BRDA:16,2,0,30
BRDA:16,2,1,30
BRDA:19,3,0,0
BRDA:19,3,1,10
BRDA:19,4,0,10
BRDA:19,4,1,10
BRDA:24,5,0,24
BRDA:34,6,0,3
BRDA:34,6,1,27
BRDA:36,7,0,3
BRDA:36,7,1,0
BRDA:52,8,0,3
BRDA:53,9,0,3
BRDA:53,9,1,0
BRDA:55,10,0,0
BRDA:65,11,0,4
BRDA:65,11,1,4
BRF:21
BRH:16
end_of_record
TN:
SF:src\Helper\setBorder\setBorder.tsx
FN:5,setBorder
FNF:1
FNH:1
FNDA:20,setBorder
DA:2,6
DA:5,6
DA:7,20
DA:8,1
DA:10,19
DA:11,18
DA:13,1
DA:16,20
DA:17,20
DA:18,20
DA:20,20
LF:11
LH:11
BRDA:7,0,0,1
BRDA:7,0,1,19
BRDA:7,1,0,0
BRDA:7,1,1,20
BRDA:7,2,0,20
BRDA:7,2,1,20
BRDA:8,3,0,0
BRDA:8,3,1,1
BRDA:8,4,0,1
BRDA:8,4,1,1
BRDA:10,5,0,18
BRDA:10,5,1,1
BRDA:10,6,0,0
BRDA:10,6,1,19
BRDA:10,7,0,19
BRDA:10,7,1,19
BRDA:13,8,0,0
BRDA:13,8,1,1
BRDA:13,9,0,1
BRDA:13,9,1,1
BRDA:13,10,0,0
BRDA:13,10,1,1
BRDA:13,11,0,1
BRDA:13,11,1,1
BRDA:17,12,0,20
BRDA:18,13,0,16
BRDA:18,13,1,4
BRDA:18,14,0,20
BRDA:18,14,1,20
BRF:29
BRH:24
end_of_record
